(---------------------------------------------------------------------)
(                                                                     )
(    Auto-interactive Convert Corner - Aicc                           )
(                                                                     )
(    Drawing          : PoFA1-9.brd                                   )
(    Software Version : 17.4S017                                      )
(    Date/Time        : Sat Oct 22 11:37:10 2022                      )
(                                                                     )
(---------------------------------------------------------------------)


CommandStart AiCC ************************************************************

Convert Corner Parameters:
Convert Type:           ARC
Allow in cns areas:     Yes
Preferred Radius Size:  5x Line Width
Min Radius Size:        1x Line Width
Allow DRCs:             No

Result: 0 of 0 failed to convert


CommandEnd AiCC **************************************************************
CommandStart AiCC ************************************************************

Convert Corner Parameters:
Convert Type:           ARC
Allow in cns areas:     Yes
Preferred Radius Size:  5x Line Width
Min Radius Size:        1x Line Width
Allow DRCs:             No

Result: 0 of 0 failed to convert


CommandEnd AiCC **************************************************************
CommandStart AiCC ************************************************************

Convert Corner Parameters:
Convert Type:           ARC
Allow in cns areas:     Yes
Preferred Radius Size:  3x Line Width
Min Radius Size:        1x Line Width
Allow DRCs:             No

Result: 0 of 0 failed to convert


CommandEnd AiCC **************************************************************
CommandStart AiCC ************************************************************

Convert Corner Parameters:
Convert Type:           ARC
Allow in cns areas:     Yes
Preferred Radius Size:  3x Line Width
Min Radius Size:        1x Line Width
Allow DRCs:             No

Result: 0 of 0 failed to convert


CommandEnd AiCC **************************************************************
CommandStart AiCC ************************************************************

Convert Corner Parameters:
Convert Type:           ARC
Allow in cns areas:     Yes
Preferred Radius Size:  3x Line Width
Min Radius Size:        1x Line Width
Allow DRCs:             No

Result: 0 of 0 failed to convert


CommandEnd AiCC **************************************************************
