(---------------------------------------------------------------------)
(                                                                     )
(    Dangling Line, Via and Antenna Report                            )
(                                                                     )
(    Drawing          : PoFA1-9.brd                                   )
(    Software Version : 17.4S017                                      )
(    Date/Time        : Sat Oct 22 11:19:29 2022                      )
(                                                                     )
(---------------------------------------------------------------------)


Report methodology:
  - Dangling lines have at least one end not connected.
  - Dangling vias have one or no connection
      - Plus are not a test, thieving or netshort property via.
  - Antenna vias do not have connections on their start and end layers.
      - Plus they are not a thieving vias.
      - Optionally, VOLTAGE nets, testvias and through vias can be suppressed with
        the environment variable report_antennavia.
      - Section may be suppressed by variable report_noantennavia.
  - Not part of the current partition.
  - To suppress items in dangle report add the OK_DANGLE property to the via
    or connect line.

<< Dangling Lines >>  - Location marked with a star (*) is dangling.
  Net                 Layer                  Length       Location
  ------------------------------------------------------------------------------------------
  N67019               BOTTOM                0.0140     *(-29.7500 -10.1900) to  (-29.7500 -10.2040)
  GND                  TOP                   0.1770      (-8.7550 17.7760) to *(-8.9320 17.7760)


<< Dangling Vias >>
  Net                  Padstack               Location            Layers
  ---------------------------------------------------------------------------
  VDD_CAM1             VIA0D3_0D15          (26.5231 0.1575) TOP/BOTTOM 
  VDD_CAM1             VIA0D3_0D15          (26.0071 0.6287) TOP/BOTTOM 
  VDD_CAM1             VIA0D40_0D2          (26.4836 0.6511) TOP/BOTTOM 
  VDD33                VIA0D40_0D2          (0.7000 -12.1000) TOP/BOTTOM 
  VDD33                VIA0D40_0D2          (-7.2000 14.2270) TOP/BOTTOM 
  VDD33                VIA0D40_0D2          (-6.2000 14.2270) TOP/BOTTOM 
  VDD33                VIA0D40_0D2          (-6.7000 14.4730) TOP/BOTTOM 
  VDD33                VIA0D40_0D2          (-6.7000 15.1000) TOP/BOTTOM 
  VDD33                VIA0D40_0D2          (-7.2000 15.3730) TOP/BOTTOM 
  VDD33                VIA0D40_0D2          (-6.2002 15.3843) TOP/BOTTOM 
  VDD33                VIA0D40_0D2          (-3.3000 12.1000) TOP/BOTTOM 
  VDD33                VIA0D40_0D2          (-12.6000 8.8000) TOP/BOTTOM 
  VDD33                VIA0D40_0D2          (19.3000 -7.9000) TOP/BOTTOM 
  VDD33                VIA0D40_0D2          (6.5500 22.7270) TOP/BOTTOM 
  VDD33                VIA0D40_0D2          (15.2900 7.9730) TOP/BOTTOM 
  VDD33                VIA0D40_0D2          (-4.3500 -15.1000) TOP/BOTTOM 
  VDD33                VIA0D40_0D2          (-1.9000 17.7300) TOP/BOTTOM 
  VDD33                VIA0D40_0D2          (23.0760 1.3270) TOP/BOTTOM 
  VDD33                VIA0D40_0D2          (23.0780 3.7730) TOP/BOTTOM 
  VDD33                VIA0D40_0D2          (-12.5000 3.8000) TOP/BOTTOM 
  VDD33                VIA0D40_0D2          (-12.4000 -1.2000) TOP/BOTTOM 
  VDD33                VIA0D40_0D2          (-12.5000 -7.7000) TOP/BOTTOM 
  VDD33                VIA0D40_0D2          (-21.2800 -4.2800) TOP/BOTTOM 
  VDD33                VIA0D40_0D2          (12.0000 -2.2000) TOP/BOTTOM 
  VDD33                VIA0D40_0D2          (12.2000 2.8500) TOP/BOTTOM 
  VDD33                VIA0D40_0D2          (8.7000 12.1000) TOP/BOTTOM 
  VDD33                VIA0D40_0D2          (12.1000 -8.7000) TOP/BOTTOM 
  VDD33                VIA0D60_0D30         (-6.8000 -15.3080) TOP/BOTTOM 
  VDD33                VIA0D60_0D30         (13.5220 -15.1760) TOP/BOTTOM 
  VDD33                VIA0D40_0D2          (-24.0500 4.0000) TOP/BOTTOM 
  VDD33                VIA0D40_0D2          (-24.0000 8.1500) TOP/BOTTOM 
  VDD33                VIA0D40_0D2          (2.2000 12.1000) TOP/BOTTOM 
  VDD33                VIA0D40_0D2          (7.7000 12.1000) TOP/BOTTOM 
  VDD33                VIA0D40_0D2          (-26.3350 -3.3100) TOP/BOTTOM 
  VDD_CAM2             VIA0D40_0D2          (-6.1000 32.9000) TOP/BOTTOM 
  VDD_CAM2             VIA0D40_0D2          (-7.6000 32.5000) TOP/BOTTOM 
  VDD_CAM2             VIA0D40_0D2          (-7.1000 32.9620) TOP/BOTTOM 
  VDD_CAM2             VIA0D40_0D2          (-8.0370 32.9620) TOP/BOTTOM 
  VDD_CAM2             VIA0D3_0D15          (26.5664 4.5067) TOP/BOTTOM 
  VDD_CAM2             VIA0D3_0D15          (26.0422 5.0465) TOP/BOTTOM 
  VDD_CAM2             VIA0D40_0D2          (26.0894 4.5090) TOP/BOTTOM 
  LDO22                VIA0D40_0D2          (-14.4700 17.7310) TOP/BOTTOM 
  LDO22                VIA0D40_0D2          (-13.7270 17.7240) TOP/BOTTOM 
  VCAP                 VIA0D40_0D2          (-22.2090 16.9020) TOP/BOTTOM 
  VCAP                 VIA0D40_0D2          (-22.3620 17.5730) TOP/BOTTOM 
  VCAP                 VIA0D40_0D2          (-21.6870 17.3860) TOP/BOTTOM 
  VCAP                 VIA0D40_0D2          (-21.1790 16.9020) TOP/BOTTOM 
  VCAP                 VIA0D40_0D2          (-19.7900 19.8000) TOP/BOTTOM 
  VSS                  VIA0D40_0D2          (-9.5000 8.3000) TOP/BOTTOM 
  GND                  VIA0D40_0D2          (-34.3000 0.0000) TOP/BOTTOM 
  GND                  VIA0D40_0D2          (0.0000 -37.7000) TOP/BOTTOM 
  GND                  VIA0D40_0D2          (-33.2010 -4.6450) TOP/BOTTOM 
  GND                  VIA0D40_0D2          (-33.2010 -4.6450) TOP/BOTTOM 
  GND                  VIA0D40_0D2          (-33.2010 -4.6450) TOP/BOTTOM 
  GND                  VIA0D40_0D2          (-33.2010 -4.6450) TOP/BOTTOM 
  GND                  VIA0D40_0D2          (-33.2010 -4.6450) TOP/BOTTOM 
  GND                  VIA0D40_0D2          (-33.2010 -4.6450) TOP/BOTTOM 
  GND                  VIA0D40_0D2          (-33.2010 -4.6450) TOP/BOTTOM 
  GND                  VIA0D40_0D2          (-33.2010 -4.6450) TOP/BOTTOM 
  GND                  VIA0D40_0D2          (-33.2010 -4.6450) TOP/BOTTOM 
  GND                  VIA0D40_0D2          (-33.2010 -4.6450) TOP/BOTTOM 
  GND                  VIA0D40_0D2          (-33.2010 -4.6450) TOP/BOTTOM 
  GND                  VIA0D40_0D2          (-33.2010 -4.6450) TOP/BOTTOM 
  GND                  VIA0D40_0D2          (-33.2010 -4.6450) TOP/BOTTOM 
  GND                  VIA0D40_0D2          (-33.2010 -4.6450) TOP/BOTTOM 
  GND                  VIA0D40_0D2          (-33.2010 -4.6450) TOP/BOTTOM 
  GND                  VIA0D40_0D2          (-33.2010 -4.6450) TOP/BOTTOM 
  GND                  VIA0D40_0D2          (-33.2010 -4.6450) TOP/BOTTOM 
  GND                  VIA0D40_0D2          (-33.2010 -4.6450) TOP/BOTTOM 
  GND                  VIA0D40_0D2          (-33.2010 -4.6450) TOP/BOTTOM 
  GND                  VIA0D40_0D2          (-33.2010 -4.6450) TOP/BOTTOM 
  GND                  VIA0D40_0D2          (-33.2010 -4.6450) TOP/BOTTOM 
  GND                  VIA0D40_0D2          (-33.2010 -4.6450) TOP/BOTTOM 
  GND                  VIA0D40_0D2          (-33.2010 -4.6450) TOP/BOTTOM 
  GND                  VIA0D40_0D2          (-33.2010 -4.6450) TOP/BOTTOM 
  GND                  VIA0D40_0D2          (-33.2010 -4.6450) TOP/BOTTOM 
  GND                  VIA0D40_0D2          (-33.2010 -4.6450) TOP/BOTTOM 
  GND                  VIA0D40_0D2          (-33.2010 -4.6450) TOP/BOTTOM 
  GND                  VIA0D40_0D2          (-33.2010 -4.6450) TOP/BOTTOM 
  GND                  VIA0D40_0D2          (-33.2010 -4.6450) TOP/BOTTOM 
  GND                  VIA0D40_0D2          (-33.2010 -4.6450) TOP/BOTTOM 
  GND                  VIA0D40_0D2          (-33.2010 -4.6450) TOP/BOTTOM 
  GND                  VIA0D40_0D2          (-33.2010 -4.6450) TOP/BOTTOM 
  GND                  VIA0D40_0D2          (-33.2010 -4.6450) TOP/BOTTOM 
  GND                  VIA0D40_0D2          (-33.2010 -4.6450) TOP/BOTTOM 
  GND                  VIA0D40_0D2          (-33.2010 -4.6450) TOP/BOTTOM 
  GND                  VIA0D40_0D2          (-33.2010 -4.6450) TOP/BOTTOM 
  GND                  VIA0D60_0D30         (-26.4000 17.3000) TOP/BOTTOM 
  GND                  VIA0D60_0D30         (-26.4000 17.3000) TOP/BOTTOM 
  GND                  VIA0D60_0D30         (-26.4000 17.3000) TOP/BOTTOM 
  GND                  VIA0D60_0D30         (-26.4000 17.3000) TOP/BOTTOM 
  GND                  VIA0D60_0D30         (-26.4000 17.3000) TOP/BOTTOM 
  GND                  VIA0D60_0D30         (-26.4000 17.3000) TOP/BOTTOM 
  GND                  VIA0D60_0D30         (-26.4000 17.3000) TOP/BOTTOM 
  GND                  VIA0D60_0D30         (-26.4000 17.3000) TOP/BOTTOM 
  GND                  VIA0D60_0D30         (-26.4000 17.3000) TOP/BOTTOM 
  GND                  VIA0D60_0D30         (-26.4000 17.3000) TOP/BOTTOM 
  GND                  VIA0D60_0D30         (-26.4000 17.3000) TOP/BOTTOM 
  GND                  VIA0D60_0D30         (-26.4000 17.3000) TOP/BOTTOM 
  GND                  VIA0D60_0D30         (-26.4000 17.3000) TOP/BOTTOM 
  GND                  VIA0D60_0D30         (-26.4000 17.3000) TOP/BOTTOM 
  GND                  VIA0D60_0D30         (-26.4000 17.3000) TOP/BOTTOM 
  GND                  VIA0D60_0D30         (-26.4000 17.3000) TOP/BOTTOM 
  GND                  VIA0D60_0D30         (-26.4000 17.3000) TOP/BOTTOM 
  GND                  VIA0D60_0D30         (-26.4000 17.3000) TOP/BOTTOM 
  GND                  VIA0D60_0D30         (-26.4000 17.3000) TOP/BOTTOM 
  GND                  VIA0D60_0D30         (-26.4000 17.3000) TOP/BOTTOM 
  GND                  VIA0D60_0D30         (-26.4000 17.3000) TOP/BOTTOM 
  GND                  VIA0D60_0D30         (-26.4000 17.3000) TOP/BOTTOM 
  GND                  VIA0D60_0D30         (-26.4000 17.3000) TOP/BOTTOM 
  GND                  VIA0D60_0D30         (-26.4000 17.3000) TOP/BOTTOM 
  GND                  VIA0D60_0D30         (-26.4000 17.3000) TOP/BOTTOM 
  GND                  VIA0D60_0D30         (-26.4000 17.3000) TOP/BOTTOM 
  GND                  VIA0D60_0D30         (-26.4000 17.3000) TOP/BOTTOM 
  GND                  VIA0D60_0D30         (-26.4000 17.3000) TOP/BOTTOM 
  GND                  VIA0D60_0D30         (-26.4000 17.3000) TOP/BOTTOM 
  GND                  VIA0D60_0D30         (-26.4000 17.3000) TOP/BOTTOM 
  GND                  VIA0D60_0D30         (-26.4000 17.3000) TOP/BOTTOM 
  GND                  VIA0D60_0D30         (-26.4000 17.3000) TOP/BOTTOM 
  GND                  VIA0D60_0D30         (-26.4000 17.3000) TOP/BOTTOM 
  GND                  VIA0D60_0D30         (-26.4000 17.3000) TOP/BOTTOM 
  GND                  VIA0D60_0D30         (-26.4000 17.3000) TOP/BOTTOM 
  GND                  VIA0D60_0D30         (-26.4000 17.3000) TOP/BOTTOM 
  GND                  VIA0D40_0D2          (25.9000 -7.3000) TOP/BOTTOM 
  GND                  VIA0D40_0D2          (25.9000 -7.3000) TOP/BOTTOM 
  GND                  VIA0D40_0D2          (25.9000 -7.3000) TOP/BOTTOM 
  GND                  VIA0D40_0D2          (25.9000 -7.3000) TOP/BOTTOM 
  GND                  VIA0D40_0D2          (25.9000 -7.3000) TOP/BOTTOM 
  GND                  VIA0D40_0D2          (25.9000 -7.3000) TOP/BOTTOM 
  GND                  VIA0D40_0D2          (25.9000 -7.3000) TOP/BOTTOM 
  GND                  VIA0D40_0D2          (25.9000 -7.3000) TOP/BOTTOM 
  GND                  VIA0D40_0D2          (25.9000 -7.3000) TOP/BOTTOM 
  GND                  VIA0D40_0D2          (25.9000 -7.3000) TOP/BOTTOM 
  GND                  VIA0D40_0D2          (25.9000 -7.3000) TOP/BOTTOM 
  GND                  VIA0D40_0D2          (25.9000 -7.3000) TOP/BOTTOM 
  GND                  VIA0D40_0D2          (25.9000 -7.3000) TOP/BOTTOM 
  GND                  VIA0D40_0D2          (25.9000 -7.3000) TOP/BOTTOM 
  GND                  VIA0D40_0D2          (25.9000 -7.3000) TOP/BOTTOM 
  GND                  VIA0D40_0D2          (25.9000 -7.3000) TOP/BOTTOM 
  GND                  VIA0D40_0D2          (25.9000 -7.3000) TOP/BOTTOM 
  GND                  VIA0D40_0D2          (25.9000 -7.3000) TOP/BOTTOM 
  GND                  VIA0D40_0D2          (25.9000 -7.3000) TOP/BOTTOM 
  GND                  VIA0D40_0D2          (25.9000 -7.3000) TOP/BOTTOM 
  GND                  VIA0D40_0D2          (25.9000 -7.3000) TOP/BOTTOM 
  GND                  VIA0D40_0D2          (25.9000 -7.3000) TOP/BOTTOM 
  GND                  VIA0D40_0D2          (25.9000 -7.3000) TOP/BOTTOM 
  GND                  VIA0D40_0D2          (25.9000 -7.3000) TOP/BOTTOM 
  GND                  VIA0D40_0D2          (25.9000 -7.3000) TOP/BOTTOM 
  GND                  VIA0D40_0D2          (25.9000 -7.3000) TOP/BOTTOM 
  GND                  VIA0D40_0D2          (25.9000 -7.3000) TOP/BOTTOM 
  GND                  VIA0D40_0D2          (25.9000 -7.3000) TOP/BOTTOM 
  GND                  VIA0D40_0D2          (25.9000 -7.3000) TOP/BOTTOM 
  GND                  VIA0D40_0D2          (25.9000 -7.3000) TOP/BOTTOM 
  GND                  VIA0D40_0D2          (25.9000 -7.3000) TOP/BOTTOM 
  GND                  VIA0D40_0D2          (25.9000 -7.3000) TOP/BOTTOM 
  GND                  VIA0D40_0D2          (25.9000 -7.3000) TOP/BOTTOM 
  GND                  VIA0D40_0D2          (25.9000 -7.3000) TOP/BOTTOM 
  GND                  VIA0D40_0D2          (25.9000 -7.3000) TOP/BOTTOM 
  GND                  VIA0D40_0D2          (25.9000 -7.3000) TOP/BOTTOM 
  GND                  VIA0D40_0D2          (25.9000 -7.3000) TOP/BOTTOM 
  GND                  VIA0D40_0D2          (25.9000 -7.3000) TOP/BOTTOM 
  GND                  VIA0D40_0D2          (25.9000 -7.3000) TOP/BOTTOM 
  GND                  VIA0D40_0D2          (25.9000 -7.3000) TOP/BOTTOM 
  GND                  VIA0D40_0D2          (25.9000 -7.3000) TOP/BOTTOM 
  GND                  VIA0D40_0D2          (25.9000 -7.3000) TOP/BOTTOM 
  GND                  VIA0D40_0D2          (25.9000 -7.3000) TOP/BOTTOM 
  GND                  VIA0D40_0D2          (25.9000 -7.3000) TOP/BOTTOM 
  GND                  VIA0D40_0D2          (25.9000 -7.3000) TOP/BOTTOM 
  GND                  VIA0D40_0D2          (25.9000 -7.3000) TOP/BOTTOM 
  GND                  VIA0D40_0D2          (25.9000 -7.3000) TOP/BOTTOM 
  GND                  VIA0D40_0D2          (25.9000 -7.3000) TOP/BOTTOM 
  GND                  VIA0D40_0D2          (25.9000 -7.3000) TOP/BOTTOM 
  GND                  VIA0D40_0D2          (25.9000 -7.3000) TOP/BOTTOM 
  GND                  VIA0D40_0D2          (25.9000 -7.3000) TOP/BOTTOM 
  GND                  VIA0D40_0D2          (25.9000 -7.3000) TOP/BOTTOM 
  GND                  VIA0D40_0D2          (25.9000 -7.3000) TOP/BOTTOM 
  GND                  VIA0D40_0D2          (25.9000 -7.3000) TOP/BOTTOM 
  GND                  VIA0D40_0D2          (25.9000 -7.3000) TOP/BOTTOM 
  GND                  VIA0D40_0D2          (25.9000 -7.3000) TOP/BOTTOM 
  GND                  VIA0D40_0D2          (25.9000 -7.3000) TOP/BOTTOM 
  GND                  VIA0D40_0D2          (25.9000 -7.3000) TOP/BOTTOM 
  GND                  VIA0D40_0D2          (25.9000 -7.3000) TOP/BOTTOM 
  GND                  VIA0D40_0D2          (25.9000 -7.3000) TOP/BOTTOM 
  GND                  VIA0D40_0D2          (25.9000 -7.3000) TOP/BOTTOM 
  GND                  VIA0D40_0D2          (25.9000 -7.3000) TOP/BOTTOM 
  GND                  VIA0D40_0D2          (25.9000 -7.3000) TOP/BOTTOM 
  GND                  VIA0D40_0D2          (25.9000 -7.3000) TOP/BOTTOM 
  GND                  VIA0D40_0D2          (25.9000 -7.3000) TOP/BOTTOM 
  GND                  VIA0D40_0D2          (25.9000 -7.3000) TOP/BOTTOM 
  GND                  VIA0D40_0D2          (25.9000 -7.3000) TOP/BOTTOM 
  GND                  VIA0D40_0D2          (25.9000 -7.3000) TOP/BOTTOM 
  GND                  VIA0D40_0D2          (25.9000 -7.3000) TOP/BOTTOM 
  GND                  VIA0D40_0D2          (25.9000 -7.3000) TOP/BOTTOM 
  GND                  VIA0D40_0D2          (25.9000 -7.3000) TOP/BOTTOM 
  GND                  VIA0D40_0D2          (25.9000 -7.3000) TOP/BOTTOM 
  GND                  VIA0D40_0D2          (25.9000 -7.3000) TOP/BOTTOM 
  GND                  VIA0D40_0D2          (25.9000 -7.3000) TOP/BOTTOM 
  GND                  VIA0D40_0D2          (25.9000 -7.3000) TOP/BOTTOM 
  GND                  VIA0D40_0D2          (25.9000 -7.3000) TOP/BOTTOM 
  GND                  VIA0D40_0D2          (25.9000 -7.3000) TOP/BOTTOM 
  GND                  VIA0D40_0D2          (25.9000 -7.3000) TOP/BOTTOM 
  GND                  VIA0D40_0D2          (25.9000 -7.3000) TOP/BOTTOM 
  GND                  VIA0D40_0D2          (25.9000 -7.3000) TOP/BOTTOM 
  GND                  VIA0D40_0D2          (25.9000 -7.3000) TOP/BOTTOM 
  GND                  VIA0D40_0D2          (25.9000 -7.3000) TOP/BOTTOM 
  GND                  VIA0D40_0D2          (25.9000 -7.3000) TOP/BOTTOM 
  GND                  VIA0D40_0D2          (25.9000 -7.3000) TOP/BOTTOM 
  GND                  VIA0D40_0D2          (25.9000 -7.3000) TOP/BOTTOM 
  GND                  VIA0D40_0D2          (25.9000 -7.3000) TOP/BOTTOM 
  GND                  VIA0D40_0D2          (25.9000 -7.3000) TOP/BOTTOM 
  GND                  VIA0D40_0D2          (25.9000 -7.3000) TOP/BOTTOM 
  GND                  VIA0D40_0D2          (25.9000 -7.3000) TOP/BOTTOM 
  GND                  VIA0D40_0D2          (25.9000 -7.3000) TOP/BOTTOM 
  GND                  VIA0D40_0D2          (25.9000 -7.3000) TOP/BOTTOM 
  GND                  VIA0D40_0D2          (25.9000 -7.3000) TOP/BOTTOM 
  GND                  VIA0D40_0D2          (25.9000 -7.3000) TOP/BOTTOM 
  GND                  VIA0D40_0D2          (25.9000 -7.3000) TOP/BOTTOM 
  GND                  VIA0D40_0D2          (25.9000 -7.3000) TOP/BOTTOM 
  GND                  VIA0D40_0D2          (25.9000 -7.3000) TOP/BOTTOM 
  GND                  VIA0D40_0D2          (25.9000 -7.3000) TOP/BOTTOM 
  GND                  VIA0D40_0D2          (25.9000 -7.3000) TOP/BOTTOM 
  GND                  VIA0D40_0D2          (25.9000 -7.3000) TOP/BOTTOM 
  GND                  VIA0D40_0D2          (25.9000 -7.3000) TOP/BOTTOM 
  GND                  VIA0D40_0D2          (25.9000 -7.3000) TOP/BOTTOM 
  GND                  VIA0D40_0D2          (25.9000 -7.3000) TOP/BOTTOM 
  GND                  VIA0D40_0D2          (25.9000 -7.3000) TOP/BOTTOM 
  GND                  VIA0D40_0D2          (25.9000 -7.3000) TOP/BOTTOM 
  GND                  VIA0D40_0D2          (25.9000 -7.3000) TOP/BOTTOM 
  GND                  VIA0D40_0D2          (25.9000 -7.3000) TOP/BOTTOM 
  GND                  VIA0D40_0D2          (25.9000 -7.3000) TOP/BOTTOM 
  GND                  VIA0D40_0D2          (25.9000 -7.3000) TOP/BOTTOM 
  GND                  VIA0D40_0D2          (25.9000 -7.3000) TOP/BOTTOM 
  GND                  VIA0D40_0D2          (25.9000 -7.3000) TOP/BOTTOM 
  GND                  VIA0D40_0D2          (25.9000 -7.3000) TOP/BOTTOM 
  GND                  VIA0D40_0D2          (25.9000 -7.3000) TOP/BOTTOM 
  GND                  VIA0D40_0D2          (25.9000 -7.3000) TOP/BOTTOM 
  GND                  VIA0D40_0D2          (25.9000 -7.3000) TOP/BOTTOM 
  GND                  VIA0D40_0D2          (25.9000 -7.3000) TOP/BOTTOM 
  GND                  VIA0D40_0D2          (25.9000 -7.3000) TOP/BOTTOM 
  GND                  VIA0D40_0D2          (25.9000 -7.3000) TOP/BOTTOM 
  GND                  VIA0D40_0D2          (25.9000 -7.3000) TOP/BOTTOM 
  GND                  VIA0D40_0D2          (25.9000 -7.3000) TOP/BOTTOM 
  GND                  VIA0D40_0D2          (25.9000 -7.3000) TOP/BOTTOM 
  GND                  VIA0D40_0D2          (25.9000 -7.3000) TOP/BOTTOM 
  GND                  VIA0D40_0D2          (25.9000 -7.3000) TOP/BOTTOM 
  GND                  VIA0D40_0D2          (25.9000 -7.3000) TOP/BOTTOM 
  GND                  VIA0D40_0D2          (25.9000 -7.3000) TOP/BOTTOM 
  GND                  VIA0D40_0D2          (25.9000 -7.3000) TOP/BOTTOM 
  GND                  VIA0D40_0D2          (25.9000 -7.3000) TOP/BOTTOM 
  GND                  VIA0D40_0D2          (25.9000 -7.3000) TOP/BOTTOM 
  GND                  VIA0D40_0D2          (25.9000 -7.3000) TOP/BOTTOM 
  GND                  VIA0D40_0D2          (25.9000 -7.3000) TOP/BOTTOM 
  GND                  VIA0D40_0D2          (25.9000 -7.3000) TOP/BOTTOM 
  GND                  VIA0D40_0D2          (25.9000 -7.3000) TOP/BOTTOM 
  GND                  VIA0D40_0D2          (25.9000 -7.3000) TOP/BOTTOM 
  GND                  VIA0D40_0D2          (25.9000 -7.3000) TOP/BOTTOM 
  GND                  VIA0D40_0D2          (25.9000 -7.3000) TOP/BOTTOM 
  GND                  VIA0D40_0D2          (25.9000 -7.3000) TOP/BOTTOM 
  GND                  VIA0D40_0D2          (25.9000 -7.3000) TOP/BOTTOM 
  GND                  VIA0D40_0D2          (25.9000 -7.3000) TOP/BOTTOM 
  GND                  VIA0D40_0D2          (25.9000 -7.3000) TOP/BOTTOM 
  GND                  VIA0D40_0D2          (25.9000 -7.3000) TOP/BOTTOM 
  GND                  VIA0D40_0D2          (25.9000 -7.3000) TOP/BOTTOM 
  GND                  VIA0D40_0D2          (25.9000 -7.3000) TOP/BOTTOM 
  GND                  VIA0D40_0D2          (25.9000 -7.3000) TOP/BOTTOM 
  GND                  VIA0D40_0D2          (25.9000 -7.3000) TOP/BOTTOM 
  GND                  VIA0D40_0D2          (25.9000 -7.3000) TOP/BOTTOM 
  GND                  VIA0D40_0D2          (25.9000 -7.3000) TOP/BOTTOM 
  GND                  VIA0D40_0D2          (25.9000 -7.3000) TOP/BOTTOM 
  GND                  VIA0D40_0D2          (25.9000 -7.3000) TOP/BOTTOM 
  GND                  VIA0D40_0D2          (25.9000 -7.3000) TOP/BOTTOM 
  GND                  VIA0D40_0D2          (25.9000 -7.3000) TOP/BOTTOM 
  GND                  VIA0D40_0D2          (25.9000 -7.3000) TOP/BOTTOM 
  GND                  VIA0D40_0D2          (25.9000 -7.3000) TOP/BOTTOM 
  GND                  VIA0D40_0D2          (25.9000 -7.3000) TOP/BOTTOM 
  GND                  VIA0D40_0D2          (25.9000 -7.3000) TOP/BOTTOM 
  GND                  VIA0D40_0D2          (25.9000 -7.3000) TOP/BOTTOM 
  GND                  VIA0D40_0D2          (25.9000 -7.3000) TOP/BOTTOM 
  GND                  VIA0D40_0D2          (25.9000 -7.3000) TOP/BOTTOM 
  GND                  VIA0D40_0D2          (25.9000 -7.3000) TOP/BOTTOM 
  GND                  VIA0D40_0D2          (25.9000 -7.3000) TOP/BOTTOM 
  GND                  VIA0D40_0D2          (25.9000 -7.3000) TOP/BOTTOM 
  GND                  VIA0D40_0D2          (25.9000 -7.3000) TOP/BOTTOM 
  GND                  VIA0D40_0D2          (25.9000 -7.3000) TOP/BOTTOM 
  GND                  VIA0D40_0D2          (25.9000 -7.3000) TOP/BOTTOM 
  GND                  VIA0D40_0D2          (25.9000 -7.3000) TOP/BOTTOM 
  GND                  VIA0D40_0D2          (25.9000 -7.3000) TOP/BOTTOM 
  GND                  VIA0D40_0D2          (25.9000 -7.3000) TOP/BOTTOM 
  GND                  VIA0D40_0D2          (25.9000 -7.3000) TOP/BOTTOM 
  GND                  VIA0D40_0D2          (25.9000 -7.3000) TOP/BOTTOM 
  GND                  VIA0D40_0D2          (25.9000 -7.3000) TOP/BOTTOM 
  GND                  VIA0D40_0D2          (25.9000 -7.3000) TOP/BOTTOM 
  GND                  VIA0D40_0D2          (25.9000 -7.3000) TOP/BOTTOM 
  GND                  VIA0D40_0D2          (25.9000 -7.3000) TOP/BOTTOM 
  GND                  VIA0D40_0D2          (25.9000 -7.3000) TOP/BOTTOM 
  GND                  VIA0D40_0D2          (25.9000 -7.3000) TOP/BOTTOM 
  GND                  VIA0D40_0D2          (25.9000 -7.3000) TOP/BOTTOM 
  GND                  VIA0D40_0D2          (25.9000 -7.3000) TOP/BOTTOM 
  GND                  VIA0D40_0D2          (25.9000 -7.3000) TOP/BOTTOM 
  GND                  VIA0D40_0D2          (25.9000 -7.3000) TOP/BOTTOM 
  GND                  VIA0D40_0D2          (25.9000 -7.3000) TOP/BOTTOM 
  GND                  VIA0D40_0D2          (25.9000 -7.3000) TOP/BOTTOM 
  GND                  VIA0D40_0D2          (25.9000 -7.3000) TOP/BOTTOM 
  GND                  VIA0D40_0D2          (25.9000 -7.3000) TOP/BOTTOM 
  GND                  VIA0D40_0D2          (25.9000 -7.3000) TOP/BOTTOM 
  GND                  VIA0D40_0D2          (25.9000 -7.3000) TOP/BOTTOM 
  GND                  VIA0D40_0D2          (25.9000 -7.3000) TOP/BOTTOM 
  GND                  VIA0D40_0D2          (25.9000 -7.3000) TOP/BOTTOM 
  GND                  VIA0D40_0D2          (25.9000 -7.3000) TOP/BOTTOM 
  GND                  VIA0D40_0D2          (25.9000 -7.3000) TOP/BOTTOM 
  GND                  VIA0D40_0D2          (25.9000 -7.3000) TOP/BOTTOM 
  GND                  VIA0D40_0D2          (25.9000 -7.3000) TOP/BOTTOM 
  GND                  VIA0D40_0D2          (25.9000 -7.3000) TOP/BOTTOM 
  GND                  VIA0D40_0D2          (25.9000 -7.3000) TOP/BOTTOM 
  GND                  VIA0D40_0D2          (25.9000 -7.3000) TOP/BOTTOM 
  GND                  VIA0D40_0D2          (25.9000 -7.3000) TOP/BOTTOM 
  GND                  VIA0D40_0D2          (25.9000 -7.3000) TOP/BOTTOM 
  GND                  VIA0D40_0D2          (25.9000 -7.3000) TOP/BOTTOM 
  GND                  VIA0D40_0D2          (25.9000 -7.3000) TOP/BOTTOM 
  GND                  VIA0D40_0D2          (25.9000 -7.3000) TOP/BOTTOM 
  GND                  VIA0D40_0D2          (25.9000 -7.3000) TOP/BOTTOM 
  GND                  VIA0D40_0D2          (25.9000 -7.3000) TOP/BOTTOM 
  GND                  VIA0D40_0D2          (25.9000 -7.3000) TOP/BOTTOM 
  GND                  VIA0D40_0D2          (25.9000 -7.3000) TOP/BOTTOM 
  GND                  VIA0D40_0D2          (25.9000 -7.3000) TOP/BOTTOM 
  GND                  VIA0D40_0D2          (25.9000 -7.3000) TOP/BOTTOM 
  GND                  VIA0D40_0D2          (25.9000 -7.3000) TOP/BOTTOM 
  GND                  VIA0D40_0D2          (25.9000 -7.3000) TOP/BOTTOM 
  GND                  VIA0D40_0D2          (25.9000 -7.3000) TOP/BOTTOM 
  GND                  VIA0D40_0D2          (25.9000 -7.3000) TOP/BOTTOM 
  GND                  VIA0D40_0D2          (25.9000 -7.3000) TOP/BOTTOM 
  GND                  VIA0D40_0D2          (25.9000 -7.3000) TOP/BOTTOM 
  GND                  VIA0D40_0D2          (25.9000 -7.3000) TOP/BOTTOM 
  GND                  VIA0D40_0D2          (25.9000 -7.3000) TOP/BOTTOM 
  GND                  VIA0D40_0D2          (25.9000 -7.3000) TOP/BOTTOM 
  GND                  VIA0D40_0D2          (25.9000 -7.3000) TOP/BOTTOM 
  GND                  VIA0D40_0D2          (25.9000 -7.3000) TOP/BOTTOM 
  GND                  VIA0D40_0D2          (25.9000 -7.3000) TOP/BOTTOM 
  GND                  VIA0D40_0D2          (25.9000 -7.3000) TOP/BOTTOM 
  GND                  VIA0D40_0D2          (25.9000 -7.3000) TOP/BOTTOM 
  GND                  VIA0D40_0D2          (25.9000 -7.3000) TOP/BOTTOM 
  GND                  VIA0D40_0D2          (25.9000 -7.3000) TOP/BOTTOM 
  GND                  VIA0D40_0D2          (25.9000 -7.3000) TOP/BOTTOM 
  GND                  VIA0D40_0D2          (25.9000 -7.3000) TOP/BOTTOM 
  GND                  VIA0D40_0D2          (25.9000 -7.3000) TOP/BOTTOM 
  GND                  VIA0D40_0D2          (25.9000 -7.3000) TOP/BOTTOM 
  GND                  VIA0D40_0D2          (25.9000 -7.3000) TOP/BOTTOM 
  GND                  VIA0D40_0D2          (25.9000 -7.3000) TOP/BOTTOM 
  GND                  VIA0D40_0D2          (25.9000 -7.3000) TOP/BOTTOM 
  GND                  VIA0D40_0D2          (25.9000 -7.3000) TOP/BOTTOM 
  GND                  VIA0D40_0D2          (25.9000 -7.3000) TOP/BOTTOM 
  GND                  VIA0D40_0D2          (25.9000 -7.3000) TOP/BOTTOM 
  GND                  VIA0D40_0D2          (25.9000 -7.3000) TOP/BOTTOM 
  GND                  VIA0D40_0D2          (25.9000 -7.3000) TOP/BOTTOM 
  GND                  VIA0D40_0D2          (25.9000 -7.3000) TOP/BOTTOM 
  GND                  VIA0D40_0D2          (25.9000 -7.3000) TOP/BOTTOM 
  GND                  VIA0D40_0D2          (25.9000 -7.3000) TOP/BOTTOM 
  GND                  VIA0D40_0D2          (25.9000 -7.3000) TOP/BOTTOM 
  GND                  VIA0D40_0D2          (25.9000 -7.3000) TOP/BOTTOM 
  GND                  VIA0D40_0D2          (25.9000 -7.3000) TOP/BOTTOM 
  GND                  VIA0D40_0D2          (25.9000 -7.3000) TOP/BOTTOM 
  GND                  VIA0D40_0D2          (25.9000 -7.3000) TOP/BOTTOM 
  GND                  VIA0D40_0D2          (25.9000 -7.3000) TOP/BOTTOM 
  GND                  VIA0D40_0D2          (25.9000 -7.3000) TOP/BOTTOM 
  GND                  VIA0D40_0D2          (25.9000 -7.3000) TOP/BOTTOM 
  GND                  VIA0D40_0D2          (25.9000 -7.3000) TOP/BOTTOM 
  GND                  VIA0D40_0D2          (25.9000 -7.3000) TOP/BOTTOM 
  GND                  VIA0D40_0D2          (25.9000 -7.3000) TOP/BOTTOM 
  GND                  VIA0D40_0D2          (25.9000 -7.3000) TOP/BOTTOM 
  GND                  VIA0D40_0D2          (25.9000 -7.3000) TOP/BOTTOM 
  GND                  VIA0D40_0D2          (25.9000 -7.3000) TOP/BOTTOM 
  GND                  VIA0D40_0D2          (25.9000 -7.3000) TOP/BOTTOM 
  GND                  VIA0D40_0D2          (25.9000 -7.3000) TOP/BOTTOM 
  GND                  VIA0D40_0D2          (25.9000 -7.3000) TOP/BOTTOM 
  GND                  VIA0D40_0D2          (25.9000 -7.3000) TOP/BOTTOM 
  GND                  VIA0D40_0D2          (25.9000 -7.3000) TOP/BOTTOM 
  GND                  VIA0D40_0D2          (25.9000 -7.3000) TOP/BOTTOM 
  GND                  VIA0D40_0D2          (25.9000 -7.3000) TOP/BOTTOM 
  GND                  VIA0D40_0D2          (25.9000 -7.3000) TOP/BOTTOM 
  GND                  VIA0D40_0D2          (25.9000 -7.3000) TOP/BOTTOM 
  GND                  VIA0D40_0D2          (25.9000 -7.3000) TOP/BOTTOM 
  GND                  VIA0D40_0D2          (25.9000 -7.3000) TOP/BOTTOM 
  GND                  VIA0D40_0D2          (25.9000 -7.3000) TOP/BOTTOM 
  GND                  VIA0D40_0D2          (25.9000 -7.3000) TOP/BOTTOM 
  GND                  VIA0D40_0D2          (25.9000 -7.3000) TOP/BOTTOM 
  GND                  VIA0D40_0D2          (25.9000 -7.3000) TOP/BOTTOM 
  GND                  VIA0D40_0D2          (25.9000 -7.3000) TOP/BOTTOM 
  GND                  VIA0D40_0D2          (25.9000 -7.3000) TOP/BOTTOM 
  GND                  VIA0D40_0D2          (25.9000 -7.3000) TOP/BOTTOM 
  GND                  VIA0D40_0D2          (25.9000 -7.3000) TOP/BOTTOM 
  GND                  VIA0D40_0D2          (25.9000 -7.3000) TOP/BOTTOM 
  GND                  VIA0D40_0D2          (25.9000 -7.3000) TOP/BOTTOM 
  GND                  VIA0D40_0D2          (25.9000 -7.3000) TOP/BOTTOM 
  GND                  VIA0D40_0D2          (25.9000 -7.3000) TOP/BOTTOM 
  GND                  VIA0D40_0D2          (25.9000 -7.3000) TOP/BOTTOM 
  GND                  VIA0D40_0D2          (25.9000 -7.3000) TOP/BOTTOM 
  GND                  VIA0D40_0D2          (25.9000 -7.3000) TOP/BOTTOM 
  GND                  VIA0D40_0D2          (25.9000 -7.3000) TOP/BOTTOM 
  GND                  VIA0D40_0D2          (25.9000 -7.3000) TOP/BOTTOM 
  GND                  VIA0D40_0D2          (25.9000 -7.3000) TOP/BOTTOM 
  GND                  VIA0D40_0D2          (25.9000 -7.3000) TOP/BOTTOM 
  GND                  VIA0D40_0D2          (25.9000 -7.3000) TOP/BOTTOM 
  GND                  VIA0D40_0D2          (25.9000 -7.3000) TOP/BOTTOM 
  GND                  VIA0D40_0D2          (25.9000 -7.3000) TOP/BOTTOM 
  GND                  VIA0D40_0D2          (25.9000 -7.3000) TOP/BOTTOM 
  GND                  VIA0D40_0D2          (25.9000 -7.3000) TOP/BOTTOM 
  GND                  VIA0D40_0D2          (25.9000 -7.3000) TOP/BOTTOM 
  GND                  VIA0D40_0D2          (25.9000 -7.3000) TOP/BOTTOM 
  GND                  VIA0D40_0D2          (25.9000 -7.3000) TOP/BOTTOM 
  GND                  VIA0D40_0D2          (25.9000 -7.3000) TOP/BOTTOM 
  GND                  VIA0D40_0D2          (25.9000 -7.3000) TOP/BOTTOM 
  GND                  VIA0D60_0D30         (-0.7000 14.4270) TOP/BOTTOM 
  GND                  VIA0D60_0D30         (-0.4270 15.1730) TOP/BOTTOM 
  GND                  VIA0D40_0D2          (-14.4900 8.1000) TOP/BOTTOM 
  GND                  VIA0D60_0D30         (-15.6500 19.0500) TOP/BOTTOM 
  GND                  VIA0D60_0D30         (-24.3000 19.0000) TOP/BOTTOM 
  GND                  VIA0D60_0D30         (23.6270 11.3000) TOP/BOTTOM 
  GND                  VIA0D60_0D30         (26.9000 16.7350) TOP/BOTTOM 
  GND                  VIA0D60_0D30         (26.9000 10.9270) TOP/BOTTOM 
  GND                  VIA0D40_0D2          (-5.5000 17.7100) TOP/BOTTOM 
  GND                  VIA0D40_0D2          (7.4000 -17.3500) TOP/BOTTOM 
  GND                  VIA0D40_0D2          (2.7000 -17.3500) TOP/BOTTOM 
  GND                  VIA0D60_0D30         (-18.3000 10.5000) TOP/BOTTOM 
  GND                  VIA0D40_0D2          (-14.5000 13.6000) TOP/BOTTOM 
  GND                  VIA0D40_0D2          (-17.5700 14.2000) TOP/BOTTOM 
  GND                  VIA0D40_0D2          (-18.3710 15.5690) TOP/BOTTOM 
  GND                  VIA0D40_0D2          (-17.9090 16.7930) TOP/BOTTOM 
  GND                  VIA0D40_0D2          (-18.1510 16.1780) TOP/BOTTOM 
  GND                  VIA0D40_0D2          (-17.3790 16.2000) TOP/BOTTOM 
  GND                  VIA0D40_0D2          (-11.9000 -8.2000) TOP/BOTTOM 
  GND                  VIA0D40_0D2          (-11.9000 3.3000) TOP/BOTTOM 
  GND                  VIA0D40_0D2          (-11.9000 -1.7000) TOP/BOTTOM 
  GND                  VIA0D60_0D30         (-26.4000 17.3000) TOP/BOTTOM 
  GND                  VIA0D40_0D2          (-6.1000 27.5000) TOP/BOTTOM 
  GND                  VIA0D40_0D2          (-7.1000 27.5000) TOP/BOTTOM 
  GND                  VIA0D40_0D2          (-5.2000 30.0000) TOP/BOTTOM 
  GND                  VIA0D40_0D2          (-4.4000 30.0000) TOP/BOTTOM 
  GND                  VIA0D40_0D2          (-3.6000 30.0000) TOP/BOTTOM 
  GND                  VIA0D40_0D2          (3.2900 -5.9900) TOP/BOTTOM 
  GND                  VIA0D3_0D15          (-0.9250 -2.3750) TOP/BOTTOM 
  GND                  VIA0D40_0D2          (1.7000 9.6000)  TOP/BOTTOM 
  GND                  VIA0D40_0D2          (2.8000 26.3000) TOP/BOTTOM 
  GND                  VIA0D40_0D2          (-1.5000 27.5000) TOP/BOTTOM 
  GND                  VIA0D40_0D2          (-0.4000 27.5000) TOP/BOTTOM 
  GND                  VIA0D40_0D2          (-2.0000 30.0000) TOP/BOTTOM 
  GND                  VIA0D40_0D2          (-2.5000 32.5000) TOP/BOTTOM 
  GND                  VIA0D40_0D2          (-3.1000 16.5500) TOP/BOTTOM 
  GND                  VIA0D40_0D2          (-8.3490 19.2140) TOP/BOTTOM 
  GND                  VIA0D40_0D2          (-8.7660 16.9220) TOP/BOTTOM 
  GND                  VIA0D40_0D2          (-8.7350 18.6420) TOP/BOTTOM 
  GND                  VIA0D40_0D2          (-20.6300 -2.3000) TOP/BOTTOM 
  GND                  VIA0D40_0D2          (-22.5800 -2.3000) TOP/BOTTOM 
  GND                  VIA0D60_0D30         (18.9170 15.1440) TOP/BOTTOM 
  GND                  VIA0D40_0D2          (23.3000 -7.8000) TOP/BOTTOM 
  GND                  VIA0D40_0D2          (25.1000 -7.8000) TOP/BOTTOM 
  GND                  VIA0D40_0D2          (24.2000 -8.7000) TOP/BOTTOM 
  GND                  VIA0D40_0D2          (24.2000 -6.9000) TOP/BOTTOM 
  GND                  VIA0D40_0D2          (23.3000 -8.7000) TOP/BOTTOM 
  GND                  VIA0D40_0D2          (25.1000 -8.7000) TOP/BOTTOM 
  GND                  VIA0D40_0D2          (23.3000 -6.9000) TOP/BOTTOM 
  GND                  VIA0D40_0D2          (25.1000 -6.9000) TOP/BOTTOM 
  GND                  VIA0D40_0D2          (24.2000 -7.8000) TOP/BOTTOM 
  GND                  VIA0D40_0D2          (25.9000 -7.3000) TOP/BOTTOM 
  GND                  VIA0D40_0D2          (26.2000 -7.8000) TOP/BOTTOM 
  GND                  VIA0D40_0D2          (-21.9300 0.3000) TOP/BOTTOM 
  GND                  VIA0D40_0D2          (-22.1000 -1.5000) TOP/BOTTOM 
  GND                  VIA0D40_0D2          (-21.1000 -1.5000) TOP/BOTTOM 
  GND                  VIA0D40_0D2          (-22.1000 -0.5000) TOP/BOTTOM 
  GND                  VIA0D40_0D2          (-21.1000 -0.5000) TOP/BOTTOM 
  GND                  VIA0D40_0D2          (-21.6000 -1.0000) TOP/BOTTOM 
  GND                  VIA0D40_0D2          (-4.2997 20.7500) TOP/BOTTOM 
  GND                  VIA0D40_0D2          (2.4000 19.2000) TOP/BOTTOM 
  GND                  VIA0D40_0D2          (3.3000 19.2000) TOP/BOTTOM 
  GND                  VIA0D40_0D2          (5.1500 17.0270) TOP/BOTTOM 
  GND                  VIA0D40_0D2          (1.5100 17.0000) TOP/BOTTOM 
  GND                  VIA0D60_0D30         (22.3000 -0.9920) TOP/BOTTOM 
  GND                  VIA0D60_0D30         (22.3000 6.0780) TOP/BOTTOM 
  GND                  VIA0D40_0D2          (25.2970 1.9250) TOP/BOTTOM 
  GND                  VIA0D40_0D2          (25.2960 3.3100) TOP/BOTTOM 
  GND                  VIA0D40_0D2          (25.3050 2.5970) TOP/BOTTOM 
  GND                  VIA0D40_0D2          (20.8500 -0.6570) TOP/BOTTOM 
  GND                  VIA0D40_0D2          (20.9500 5.7390) TOP/BOTTOM 
  GND                  VIA0D60_0D30         (30.8770 1.8000) TOP/BOTTOM 
  GND                  VIA0D60_0D30         (30.8850 3.2000) TOP/BOTTOM 
  GND                  VIA0D40_0D2          (-8.6110 24.9300) TOP/BOTTOM 
  GND                  VIA0D40_0D2          (-3.2120 23.6510) TOP/BOTTOM 
  GND                  VIA0D40_0D2          (-12.5000 25.9500) TOP/BOTTOM 
  GND                  VIA0D40_0D2          (2.0420 21.3000) TOP/BOTTOM 
  GND                  VIA0D40_0D2          (1.6500 -11.9500) TOP/BOTTOM 
  GND                  VIA0D40_0D2          (9.5730 3.3000)  TOP/BOTTOM 
  GND                  VIA0D40_0D2          (16.9030 -7.8500) TOP/BOTTOM 
  GND                  VIA0D40_0D2          (16.6730 -6.7000) TOP/BOTTOM 
  GND                  VIA0D40_0D2          (-20.5500 -17.0000) TOP/BOTTOM 
  GND                  VIA0D40_0D2          (-23.5500 -11.0000) TOP/BOTTOM 
  GND                  VIA0D40_0D2          (-21.7500 -17.0000) TOP/BOTTOM 
  GND                  VIA0D40_0D2          (-13.2500 -21.1280) TOP/BOTTOM 
  GND                  VIA0D40_0D2          (-8.3040 -21.5500) TOP/BOTTOM 
  GND                  VIA0D40_0D2          (1.5000 6.5270)  TOP/BOTTOM 
  GND                  VIA0D40_0D2          (-2.2270 -6.2500) TOP/BOTTOM 
  GND                  VIA0D40_0D2          (-19.7300 -4.6380) TOP/BOTTOM 
  GND                  VIA0D40_0D2          (-23.6500 -4.5210) TOP/BOTTOM 
  GND                  VIA0D40_0D2          (1.4000 -14.3035) TOP/BOTTOM 
  GND                  VIA0D40_0D2          (8.8500 14.9310) TOP/BOTTOM 
  GND                  VIA0D40_0D2          (2.8550 14.1900) TOP/BOTTOM 
  GND                  VIA0D40_0D2          (-14.4900 3.0000) TOP/BOTTOM 
  GND                  VIA0D40_0D2          (-14.4900 -0.4000) TOP/BOTTOM 
  GND                  VIA0D40_0D2          (-15.3000 -7.7500) TOP/BOTTOM 
  GND                  VIA0D40_0D2          (14.0900 2.2730) TOP/BOTTOM 
  GND                  VIA0D40_0D2          (14.8000 -2.1500) TOP/BOTTOM 
  GND                  VIA0D40_0D2          (14.0900 -9.3270) TOP/BOTTOM 
  GND                  VIA0D40_0D2          (9.1000 -6.1000) TOP/BOTTOM 
  GND                  VIA0D40_0D2          (-9.4410 -18.0660) TOP/BOTTOM 
  GND                  VIA0D40_0D2          (-8.4810 -18.0410) TOP/BOTTOM 
  GND                  VIA0D40_0D2          (-9.4310 -16.3240) TOP/BOTTOM 
  GND                  VIA0D40_0D2          (-8.4830 -16.3130) TOP/BOTTOM 
  GND                  VIA0D40_0D2          (-4.3000 12.1000) TOP/BOTTOM 
  GND                  VIA0D40_0D2          (8.2000 9.6000)  TOP/BOTTOM 
  GND                  VIA0D40_0D2          (-5.8000 -9.3000) TOP/BOTTOM 
  GND                  VIA0D40_0D2          (-6.3000 -9.5730) TOP/BOTTOM 
  GND                  VIA0D40_0D2          (-3.2500 -15.1000) TOP/BOTTOM 
  GND                  VIA0D40_0D2          (-25.8900 4.7900) TOP/BOTTOM 
  GND                  VIA0D40_0D2          (-25.5000 5.6000) TOP/BOTTOM 
  GND                  VIA0D40_0D2          (-24.0000 7.4000) TOP/BOTTOM 
  GND                  VIA0D40_0D2          (-33.1470 -7.3590) TOP/BOTTOM 
  GND                  VIA0D40_0D2          (-32.3280 -7.3660) TOP/BOTTOM 
  GND                  VIA0D40_0D2          (-33.1760 -5.6750) TOP/BOTTOM 
  GND                  VIA0D40_0D2          (-32.3220 -5.6760) TOP/BOTTOM 
  GND                  VIA0D40_0D2          (-32.2980 -4.6470) TOP/BOTTOM 
  GND                  VIA0D40_0D2          (-33.2010 -4.6450) TOP/BOTTOM 
  GND                  VIA0D40_0D2          (-33.1920 -2.9370) TOP/BOTTOM 
  GND                  VIA0D40_0D2          (-32.2990 -2.9380) TOP/BOTTOM 


<< Antenna Vias >>
  Net                  Padstack               Location            Layers
  ---------------------------------------------------------------------------
  VDD_CAM1             VIA0D3_0D15          (26.5231 0.1575) TOP/BOTTOM 
  VDD_CAM1             VIA0D3_0D15          (26.0071 0.6287) TOP/BOTTOM 
  VDD_CAM1             VIA0D40_0D2          (26.0480 0.1140) TOP/BOTTOM 
  VDD_CAM1             VIA0D40_0D2          (26.4836 0.6511) TOP/BOTTOM 
  CAM1_PCLK            VIA0D3_0D15          (-18.5000 -1.9800) TOP/BOTTOM 
  I2C1_SDA             VIA0D3_0D15          (-1.6640 -19.1090) TOP/BOTTOM 
  I2C1_SDA             VIA0D3_0D15          (11.7430 -0.7000) TOP/BOTTOM 
  I2C1_SCL             VIA0D3_0D15          (-1.2760 -18.2340) TOP/BOTTOM 
  I2C1_SCL             VIA0D3_0D15          (11.7800 -1.2000) TOP/BOTTOM 
  CAM2_D7              VIA0D3_0D15          (24.7000 -3.9000) TOP/BOTTOM 
  CAM2_D7              VIA0D3_0D15          (5.2000 29.9000) TOP/BOTTOM 
  CAM2_D6              VIA0D3_0D15          (25.2000 -3.6000) TOP/BOTTOM 
  CAM2_D6              VIA0D3_0D15          (5.6000 30.1730) TOP/BOTTOM 
  CAM2_D5              VIA0D3_0D15          (25.2000 -11.7940) TOP/BOTTOM 
  CAM2_D5              VIA0D3_0D15          (4.4000 29.9107) TOP/BOTTOM 
  CAM2_D4              VIA0D3_0D15          (24.7000 -11.4270) TOP/BOTTOM 
  CAM2_D4              VIA0D3_0D15          (4.8000 30.1730) TOP/BOTTOM 
  CAM2_D3              VIA0D3_0D15          (3.6000 29.9000) TOP/BOTTOM 
  CAM2_D3              VIA0D3_0D15          (16.2030 0.2000) TOP/BOTTOM 
  CAM2_D2              VIA0D3_0D15          (17.3170 -0.9000) TOP/BOTTOM 
  CAM2_D2              VIA0D3_0D15          (4.0000 30.1730) TOP/BOTTOM 
  VDD33                VIA0D40_0D2          (0.7000 -12.1000) TOP/BOTTOM 
  VDD33                VIA0D40_0D2          (-7.2000 14.2270) TOP/BOTTOM 
  VDD33                VIA0D40_0D2          (-6.2000 14.2270) TOP/BOTTOM 
  VDD33                VIA0D40_0D2          (-6.7000 14.4730) TOP/BOTTOM 
  VDD33                VIA0D40_0D2          (-6.7000 15.1000) TOP/BOTTOM 
  VDD33                VIA0D40_0D2          (-7.2000 15.3730) TOP/BOTTOM 
  VDD33                VIA0D40_0D2          (-6.2002 15.3843) TOP/BOTTOM 
  VDD33                VIA0D40_0D2          (-3.3000 12.1000) TOP/BOTTOM 
  VDD33                VIA0D40_0D2          (-12.6000 8.8000) TOP/BOTTOM 
  VDD33                VIA0D40_0D2          (19.3000 -7.9000) TOP/BOTTOM 
  VDD33                VIA0D40_0D2          (6.5500 22.7270) TOP/BOTTOM 
  VDD33                VIA0D40_0D2          (15.2900 7.9730) TOP/BOTTOM 
  VDD33                VIA0D40_0D2          (-4.3500 -15.1000) TOP/BOTTOM 
  VDD33                VIA0D40_0D2          (-1.9000 17.7300) TOP/BOTTOM 
  VDD33                VIA0D40_0D2          (23.6070 1.3270) TOP/BOTTOM 
  VDD33                VIA0D40_0D2          (23.0760 1.3270) TOP/BOTTOM 
  VDD33                VIA0D40_0D2          (23.0780 3.7730) TOP/BOTTOM 
  VDD33                VIA0D40_0D2          (23.6730 3.7730) TOP/BOTTOM 
  VDD33                VIA0D3_0D15          (23.4310 2.6000) TOP/BOTTOM 
  VDD33                VIA0D40_0D2          (-12.5000 3.8000) TOP/BOTTOM 
  VDD33                VIA0D40_0D2          (-12.4000 -1.2000) TOP/BOTTOM 
  VDD33                VIA0D40_0D2          (-12.5000 -7.7000) TOP/BOTTOM 
  VDD33                VIA0D40_0D2          (-21.2800 -4.2800) TOP/BOTTOM 
  VDD33                VIA0D40_0D2          (12.0000 -2.2000) TOP/BOTTOM 
  VDD33                VIA0D40_0D2          (12.2000 2.8500) TOP/BOTTOM 
  VDD33                VIA0D40_0D2          (8.7000 12.1000) TOP/BOTTOM 
  VDD33                VIA0D40_0D2          (12.1000 -8.7000) TOP/BOTTOM 
  VDD33                VIA0D60_0D30         (-6.8000 -15.3080) TOP/BOTTOM 
  VDD33                VIA0D60_0D30         (13.5220 -15.1760) TOP/BOTTOM 
  VDD33                VIA0D40_0D2          (-24.0500 4.0000) TOP/BOTTOM 
  VDD33                VIA0D40_0D2          (-24.0000 8.1500) TOP/BOTTOM 
  VDD33                VIA0D40_0D2          (2.2000 12.1000) TOP/BOTTOM 
  VDD33                VIA0D40_0D2          (7.7000 12.1000) TOP/BOTTOM 
  VDD33                VIA0D40_0D2          (-26.3350 -3.3100) TOP/BOTTOM 
  CAM2_D0              VIA0D3_0D15          (23.7000 -12.4130) TOP/BOTTOM 
  CAM2_D0              VIA0D3_0D15          (3.2000 30.1000) TOP/BOTTOM 
  CAM2_D1              VIA0D3_0D15          (23.2000 -12.9820) TOP/BOTTOM 
  CAM2_D1              VIA0D3_0D15          (2.8000 29.9000) TOP/BOTTOM 
  DCMI_D6              VIA0D3_0D15          (14.7340 -13.0050) TOP/BOTTOM 
  DCMI_D6              VIA0D3_0D15          (28.4000 -6.3000) TOP/BOTTOM 
  VDD_CAM2             VIA0D40_0D2          (-6.1000 32.9000) TOP/BOTTOM 
  VDD_CAM2             VIA0D40_0D2          (-6.6000 32.5000) TOP/BOTTOM 
  VDD_CAM2             VIA0D40_0D2          (-7.6000 32.5000) TOP/BOTTOM 
  VDD_CAM2             VIA0D40_0D2          (-7.1000 32.9620) TOP/BOTTOM 
  VDD_CAM2             VIA0D40_0D2          (-8.0370 32.9620) TOP/BOTTOM 
  VDD_CAM2             VIA0D3_0D15          (26.5664 4.5067) TOP/BOTTOM 
  VDD_CAM2             VIA0D3_0D15          (26.0422 5.0465) TOP/BOTTOM 
  VDD_CAM2             VIA0D40_0D2          (26.0894 4.5090) TOP/BOTTOM 
  VDD_CAM2             VIA0D40_0D2          (26.5154 4.9863) TOP/BOTTOM 
  FMC_NWE              VIA0D3_0D15          (-2.3000 -1.5000) TOP/BOTTOM 
  FMC_NWE              VIA0D3_0D15          (11.5770 3.8000) TOP/BOTTOM 
  DCMI_D11             VIA0D3_0D15          (6.8000 29.9000) TOP/BOTTOM 
  DCMI_D11             VIA0D3_0D15          (-1.8000 -11.5770) TOP/BOTTOM 
  DCMI_PIXCLK          VIA0D3_0D15          (-18.5000 -1.3300) TOP/BOTTOM 
  DCMI_PIXCLK          VIA0D3_0D15          (-15.4000 -5.9000) TOP/BOTTOM 
  FMC_D12              VIA0D3_0D15          (-0.0250 1.5250) TOP/BOTTOM 
  FMC_D12              VIA0D3_0D15          (-3.4000 4.4000) TOP/BOTTOM 
  FMC_D11              VIA0D3_0D15          (0.0030 0.7970)  TOP/BOTTOM 
  FMC_D11              VIA0D3_0D15          (-3.4000 3.8000) TOP/BOTTOM 
  FMC_D10              VIA0D3_0D15          (1.4980 1.5480)  TOP/BOTTOM 
  FMC_D10              VIA0D3_0D15          (-6.8770 5.8000) TOP/BOTTOM 
  FMC_D9               VIA0D3_0D15          (1.4197 2.2197)  TOP/BOTTOM 
  FMC_D9               VIA0D3_0D15          (-7.4510 5.3000) TOP/BOTTOM 
  FMC_D8               VIA0D3_0D15          (2.2815 2.3315)  TOP/BOTTOM 
  FMC_D8               VIA0D3_0D15          (-6.8000 4.8000) TOP/BOTTOM 
  FMC_D3               VIA0D3_0D15          (0.7440 -1.4730) TOP/BOTTOM 
  FMC_D3               VIA0D3_0D15          (9.6230 5.8000)  TOP/BOTTOM 
  FMC_D2               VIA0D3_0D15          (9.6000 6.3000)  TOP/BOTTOM 
  FMC_D2               VIA0D3_0D15          (1.4705 -2.2205) TOP/BOTTOM 
  FMC_D1               VIA0D3_0D15          (1.5000 -0.7000) TOP/BOTTOM 
  FMC_D1               VIA0D3_0D15          (-2.3000 9.7230) TOP/BOTTOM 
  FMC_D0               VIA0D3_0D15          (-2.8000 9.0000) TOP/BOTTOM 
  FMC_D0               VIA0D3_0D15          (1.5000 -1.5000) TOP/BOTTOM 
  FMC_A20              VIA0D3_0D15          (7.7000 -9.6230) TOP/BOTTOM 
  FMC_A20              VIA0D3_0D15          (-3.7000 -1.8500) TOP/BOTTOM 
  FMC_A19              VIA0D3_0D15          (-2.2750 0.7750) TOP/BOTTOM 
  FMC_A19              VIA0D3_0D15          (8.2000 -9.1000) TOP/BOTTOM 
  FMC_A17              VIA0D3_0D15          (0.6697 0.7197)  TOP/BOTTOM 
  FMC_A17              VIA0D3_0D15          (-4.8000 9.4000) TOP/BOTTOM 
  LDO22                VIA0D40_0D2          (-14.0910 18.0350) TOP/BOTTOM 
  LDO22                VIA0D40_0D2          (-14.4700 17.7310) TOP/BOTTOM 
  LDO22                VIA0D40_0D2          (-13.7270 17.7240) TOP/BOTTOM 
  LDO22                VIA0D40_0D2          (-8.6030 25.8900) TOP/BOTTOM 
  LDO22                VIA0D40_0D2          (4.5500 19.5000) TOP/BOTTOM 
  LDO22                VIA0D40_0D2          (-0.4500 16.9000) TOP/BOTTOM 
  VCAP                 VIA0D40_0D2          (-22.2090 16.9020) TOP/BOTTOM 
  VCAP                 VIA0D40_0D2          (-22.3620 17.5730) TOP/BOTTOM 
  VCAP                 VIA0D40_0D2          (-21.6870 17.3860) TOP/BOTTOM 
  VCAP                 VIA0D40_0D2          (-21.1790 16.9020) TOP/BOTTOM 
  VCAP                 VIA0D40_0D2          (-19.7900 19.8000) TOP/BOTTOM 
  CAM1_HSYNC           VIA0D3_0D15          (-27.0000 0.9000) TOP/BOTTOM 
  VSS                  VIA0D40_0D2          (-9.5000 8.3000) TOP/BOTTOM 
  GND                  VIA0D40_0D2          (-34.3000 0.0000) TOP/BOTTOM 
  GND                  VIA0D40_0D2          (0.0000 -37.7000) TOP/BOTTOM 
  GND                  VIA0D40_0D2          (-33.2010 -4.6450) TOP/BOTTOM 
  GND                  VIA0D40_0D2          (-33.2010 -4.6450) TOP/BOTTOM 
  GND                  VIA0D40_0D2          (-33.2010 -4.6450) TOP/BOTTOM 
  GND                  VIA0D40_0D2          (-33.2010 -4.6450) TOP/BOTTOM 
  GND                  VIA0D40_0D2          (-33.2010 -4.6450) TOP/BOTTOM 
  GND                  VIA0D40_0D2          (-33.2010 -4.6450) TOP/BOTTOM 
  GND                  VIA0D40_0D2          (-33.2010 -4.6450) TOP/BOTTOM 
  GND                  VIA0D40_0D2          (-33.2010 -4.6450) TOP/BOTTOM 
  GND                  VIA0D40_0D2          (-33.2010 -4.6450) TOP/BOTTOM 
  GND                  VIA0D40_0D2          (-33.2010 -4.6450) TOP/BOTTOM 
  GND                  VIA0D40_0D2          (-33.2010 -4.6450) TOP/BOTTOM 
  GND                  VIA0D40_0D2          (-33.2010 -4.6450) TOP/BOTTOM 
  GND                  VIA0D40_0D2          (-33.2010 -4.6450) TOP/BOTTOM 
  GND                  VIA0D40_0D2          (-33.2010 -4.6450) TOP/BOTTOM 
  GND                  VIA0D40_0D2          (-33.2010 -4.6450) TOP/BOTTOM 
  GND                  VIA0D40_0D2          (-33.2010 -4.6450) TOP/BOTTOM 
  GND                  VIA0D40_0D2          (-33.2010 -4.6450) TOP/BOTTOM 
  GND                  VIA0D40_0D2          (-33.2010 -4.6450) TOP/BOTTOM 
  GND                  VIA0D40_0D2          (-33.2010 -4.6450) TOP/BOTTOM 
  GND                  VIA0D40_0D2          (-33.2010 -4.6450) TOP/BOTTOM 
  GND                  VIA0D40_0D2          (-33.2010 -4.6450) TOP/BOTTOM 
  GND                  VIA0D40_0D2          (-33.2010 -4.6450) TOP/BOTTOM 
  GND                  VIA0D40_0D2          (-33.2010 -4.6450) TOP/BOTTOM 
  GND                  VIA0D40_0D2          (-33.2010 -4.6450) TOP/BOTTOM 
  GND                  VIA0D40_0D2          (-33.2010 -4.6450) TOP/BOTTOM 
  GND                  VIA0D40_0D2          (-33.2010 -4.6450) TOP/BOTTOM 
  GND                  VIA0D40_0D2          (-33.2010 -4.6450) TOP/BOTTOM 
  GND                  VIA0D40_0D2          (-33.2010 -4.6450) TOP/BOTTOM 
  GND                  VIA0D40_0D2          (-33.2010 -4.6450) TOP/BOTTOM 
  GND                  VIA0D40_0D2          (-33.2010 -4.6450) TOP/BOTTOM 
  GND                  VIA0D40_0D2          (-33.2010 -4.6450) TOP/BOTTOM 
  GND                  VIA0D40_0D2          (-33.2010 -4.6450) TOP/BOTTOM 
  GND                  VIA0D40_0D2          (-33.2010 -4.6450) TOP/BOTTOM 
  GND                  VIA0D40_0D2          (-33.2010 -4.6450) TOP/BOTTOM 
  GND                  VIA0D40_0D2          (-33.2010 -4.6450) TOP/BOTTOM 
  GND                  VIA0D40_0D2          (-33.2010 -4.6450) TOP/BOTTOM 
  GND                  VIA0D60_0D30         (-26.4000 17.3000) TOP/BOTTOM 
  GND                  VIA0D60_0D30         (-26.4000 17.3000) TOP/BOTTOM 
  GND                  VIA0D60_0D30         (-26.4000 17.3000) TOP/BOTTOM 
  GND                  VIA0D60_0D30         (-26.4000 17.3000) TOP/BOTTOM 
  GND                  VIA0D60_0D30         (-26.4000 17.3000) TOP/BOTTOM 
  GND                  VIA0D60_0D30         (-26.4000 17.3000) TOP/BOTTOM 
  GND                  VIA0D60_0D30         (-26.4000 17.3000) TOP/BOTTOM 
  GND                  VIA0D60_0D30         (-26.4000 17.3000) TOP/BOTTOM 
  GND                  VIA0D60_0D30         (-26.4000 17.3000) TOP/BOTTOM 
  GND                  VIA0D60_0D30         (-26.4000 17.3000) TOP/BOTTOM 
  GND                  VIA0D60_0D30         (-26.4000 17.3000) TOP/BOTTOM 
  GND                  VIA0D60_0D30         (-26.4000 17.3000) TOP/BOTTOM 
  GND                  VIA0D60_0D30         (-26.4000 17.3000) TOP/BOTTOM 
  GND                  VIA0D60_0D30         (-26.4000 17.3000) TOP/BOTTOM 
  GND                  VIA0D60_0D30         (-26.4000 17.3000) TOP/BOTTOM 
  GND                  VIA0D60_0D30         (-26.4000 17.3000) TOP/BOTTOM 
  GND                  VIA0D60_0D30         (-26.4000 17.3000) TOP/BOTTOM 
  GND                  VIA0D60_0D30         (-26.4000 17.3000) TOP/BOTTOM 
  GND                  VIA0D60_0D30         (-26.4000 17.3000) TOP/BOTTOM 
  GND                  VIA0D60_0D30         (-26.4000 17.3000) TOP/BOTTOM 
  GND                  VIA0D60_0D30         (-26.4000 17.3000) TOP/BOTTOM 
  GND                  VIA0D60_0D30         (-26.4000 17.3000) TOP/BOTTOM 
  GND                  VIA0D60_0D30         (-26.4000 17.3000) TOP/BOTTOM 
  GND                  VIA0D60_0D30         (-26.4000 17.3000) TOP/BOTTOM 
  GND                  VIA0D60_0D30         (-26.4000 17.3000) TOP/BOTTOM 
  GND                  VIA0D60_0D30         (-26.4000 17.3000) TOP/BOTTOM 
  GND                  VIA0D60_0D30         (-26.4000 17.3000) TOP/BOTTOM 
  GND                  VIA0D60_0D30         (-26.4000 17.3000) TOP/BOTTOM 
  GND                  VIA0D60_0D30         (-26.4000 17.3000) TOP/BOTTOM 
  GND                  VIA0D60_0D30         (-26.4000 17.3000) TOP/BOTTOM 
  GND                  VIA0D60_0D30         (-26.4000 17.3000) TOP/BOTTOM 
  GND                  VIA0D60_0D30         (-26.4000 17.3000) TOP/BOTTOM 
  GND                  VIA0D60_0D30         (-26.4000 17.3000) TOP/BOTTOM 
  GND                  VIA0D60_0D30         (-26.4000 17.3000) TOP/BOTTOM 
  GND                  VIA0D60_0D30         (-26.4000 17.3000) TOP/BOTTOM 
  GND                  VIA0D60_0D30         (-26.4000 17.3000) TOP/BOTTOM 
  GND                  VIA0D40_0D2          (25.9000 -7.3000) TOP/BOTTOM 
  GND                  VIA0D40_0D2          (25.9000 -7.3000) TOP/BOTTOM 
  GND                  VIA0D40_0D2          (25.9000 -7.3000) TOP/BOTTOM 
  GND                  VIA0D40_0D2          (25.9000 -7.3000) TOP/BOTTOM 
  GND                  VIA0D40_0D2          (25.9000 -7.3000) TOP/BOTTOM 
  GND                  VIA0D40_0D2          (25.9000 -7.3000) TOP/BOTTOM 
  GND                  VIA0D40_0D2          (25.9000 -7.3000) TOP/BOTTOM 
  GND                  VIA0D40_0D2          (25.9000 -7.3000) TOP/BOTTOM 
  GND                  VIA0D40_0D2          (25.9000 -7.3000) TOP/BOTTOM 
  GND                  VIA0D40_0D2          (25.9000 -7.3000) TOP/BOTTOM 
  GND                  VIA0D40_0D2          (25.9000 -7.3000) TOP/BOTTOM 
  GND                  VIA0D40_0D2          (25.9000 -7.3000) TOP/BOTTOM 
  GND                  VIA0D40_0D2          (25.9000 -7.3000) TOP/BOTTOM 
  GND                  VIA0D40_0D2          (25.9000 -7.3000) TOP/BOTTOM 
  GND                  VIA0D40_0D2          (25.9000 -7.3000) TOP/BOTTOM 
  GND                  VIA0D40_0D2          (25.9000 -7.3000) TOP/BOTTOM 
  GND                  VIA0D40_0D2          (25.9000 -7.3000) TOP/BOTTOM 
  GND                  VIA0D40_0D2          (25.9000 -7.3000) TOP/BOTTOM 
  GND                  VIA0D40_0D2          (25.9000 -7.3000) TOP/BOTTOM 
  GND                  VIA0D40_0D2          (25.9000 -7.3000) TOP/BOTTOM 
  GND                  VIA0D40_0D2          (25.9000 -7.3000) TOP/BOTTOM 
  GND                  VIA0D40_0D2          (25.9000 -7.3000) TOP/BOTTOM 
  GND                  VIA0D40_0D2          (25.9000 -7.3000) TOP/BOTTOM 
  GND                  VIA0D40_0D2          (25.9000 -7.3000) TOP/BOTTOM 
  GND                  VIA0D40_0D2          (25.9000 -7.3000) TOP/BOTTOM 
  GND                  VIA0D40_0D2          (25.9000 -7.3000) TOP/BOTTOM 
  GND                  VIA0D40_0D2          (25.9000 -7.3000) TOP/BOTTOM 
  GND                  VIA0D40_0D2          (25.9000 -7.3000) TOP/BOTTOM 
  GND                  VIA0D40_0D2          (25.9000 -7.3000) TOP/BOTTOM 
  GND                  VIA0D40_0D2          (25.9000 -7.3000) TOP/BOTTOM 
  GND                  VIA0D40_0D2          (25.9000 -7.3000) TOP/BOTTOM 
  GND                  VIA0D40_0D2          (25.9000 -7.3000) TOP/BOTTOM 
  GND                  VIA0D40_0D2          (25.9000 -7.3000) TOP/BOTTOM 
  GND                  VIA0D40_0D2          (25.9000 -7.3000) TOP/BOTTOM 
  GND                  VIA0D40_0D2          (25.9000 -7.3000) TOP/BOTTOM 
  GND                  VIA0D40_0D2          (25.9000 -7.3000) TOP/BOTTOM 
  GND                  VIA0D40_0D2          (25.9000 -7.3000) TOP/BOTTOM 
  GND                  VIA0D40_0D2          (25.9000 -7.3000) TOP/BOTTOM 
  GND                  VIA0D40_0D2          (25.9000 -7.3000) TOP/BOTTOM 
  GND                  VIA0D40_0D2          (25.9000 -7.3000) TOP/BOTTOM 
  GND                  VIA0D40_0D2          (25.9000 -7.3000) TOP/BOTTOM 
  GND                  VIA0D40_0D2          (25.9000 -7.3000) TOP/BOTTOM 
  GND                  VIA0D40_0D2          (25.9000 -7.3000) TOP/BOTTOM 
  GND                  VIA0D40_0D2          (25.9000 -7.3000) TOP/BOTTOM 
  GND                  VIA0D40_0D2          (25.9000 -7.3000) TOP/BOTTOM 
  GND                  VIA0D40_0D2          (25.9000 -7.3000) TOP/BOTTOM 
  GND                  VIA0D40_0D2          (25.9000 -7.3000) TOP/BOTTOM 
  GND                  VIA0D40_0D2          (25.9000 -7.3000) TOP/BOTTOM 
  GND                  VIA0D40_0D2          (25.9000 -7.3000) TOP/BOTTOM 
  GND                  VIA0D40_0D2          (25.9000 -7.3000) TOP/BOTTOM 
  GND                  VIA0D40_0D2          (25.9000 -7.3000) TOP/BOTTOM 
  GND                  VIA0D40_0D2          (25.9000 -7.3000) TOP/BOTTOM 
  GND                  VIA0D40_0D2          (25.9000 -7.3000) TOP/BOTTOM 
  GND                  VIA0D40_0D2          (25.9000 -7.3000) TOP/BOTTOM 
  GND                  VIA0D40_0D2          (25.9000 -7.3000) TOP/BOTTOM 
  GND                  VIA0D40_0D2          (25.9000 -7.3000) TOP/BOTTOM 
  GND                  VIA0D40_0D2          (25.9000 -7.3000) TOP/BOTTOM 
  GND                  VIA0D40_0D2          (25.9000 -7.3000) TOP/BOTTOM 
  GND                  VIA0D40_0D2          (25.9000 -7.3000) TOP/BOTTOM 
  GND                  VIA0D40_0D2          (25.9000 -7.3000) TOP/BOTTOM 
  GND                  VIA0D40_0D2          (25.9000 -7.3000) TOP/BOTTOM 
  GND                  VIA0D40_0D2          (25.9000 -7.3000) TOP/BOTTOM 
  GND                  VIA0D40_0D2          (25.9000 -7.3000) TOP/BOTTOM 
  GND                  VIA0D40_0D2          (25.9000 -7.3000) TOP/BOTTOM 
  GND                  VIA0D40_0D2          (25.9000 -7.3000) TOP/BOTTOM 
  GND                  VIA0D40_0D2          (25.9000 -7.3000) TOP/BOTTOM 
  GND                  VIA0D40_0D2          (25.9000 -7.3000) TOP/BOTTOM 
  GND                  VIA0D40_0D2          (25.9000 -7.3000) TOP/BOTTOM 
  GND                  VIA0D40_0D2          (25.9000 -7.3000) TOP/BOTTOM 
  GND                  VIA0D40_0D2          (25.9000 -7.3000) TOP/BOTTOM 
  GND                  VIA0D40_0D2          (25.9000 -7.3000) TOP/BOTTOM 
  GND                  VIA0D40_0D2          (25.9000 -7.3000) TOP/BOTTOM 
  GND                  VIA0D40_0D2          (25.9000 -7.3000) TOP/BOTTOM 
  GND                  VIA0D40_0D2          (25.9000 -7.3000) TOP/BOTTOM 
  GND                  VIA0D40_0D2          (25.9000 -7.3000) TOP/BOTTOM 
  GND                  VIA0D40_0D2          (25.9000 -7.3000) TOP/BOTTOM 
  GND                  VIA0D40_0D2          (25.9000 -7.3000) TOP/BOTTOM 
  GND                  VIA0D40_0D2          (25.9000 -7.3000) TOP/BOTTOM 
  GND                  VIA0D40_0D2          (25.9000 -7.3000) TOP/BOTTOM 
  GND                  VIA0D40_0D2          (25.9000 -7.3000) TOP/BOTTOM 
  GND                  VIA0D40_0D2          (25.9000 -7.3000) TOP/BOTTOM 
  GND                  VIA0D40_0D2          (25.9000 -7.3000) TOP/BOTTOM 
  GND                  VIA0D40_0D2          (25.9000 -7.3000) TOP/BOTTOM 
  GND                  VIA0D40_0D2          (25.9000 -7.3000) TOP/BOTTOM 
  GND                  VIA0D40_0D2          (25.9000 -7.3000) TOP/BOTTOM 
  GND                  VIA0D40_0D2          (25.9000 -7.3000) TOP/BOTTOM 
  GND                  VIA0D40_0D2          (25.9000 -7.3000) TOP/BOTTOM 
  GND                  VIA0D40_0D2          (25.9000 -7.3000) TOP/BOTTOM 
  GND                  VIA0D40_0D2          (25.9000 -7.3000) TOP/BOTTOM 
  GND                  VIA0D40_0D2          (25.9000 -7.3000) TOP/BOTTOM 
  GND                  VIA0D40_0D2          (25.9000 -7.3000) TOP/BOTTOM 
  GND                  VIA0D40_0D2          (25.9000 -7.3000) TOP/BOTTOM 
  GND                  VIA0D40_0D2          (25.9000 -7.3000) TOP/BOTTOM 
  GND                  VIA0D40_0D2          (25.9000 -7.3000) TOP/BOTTOM 
  GND                  VIA0D40_0D2          (25.9000 -7.3000) TOP/BOTTOM 
  GND                  VIA0D40_0D2          (25.9000 -7.3000) TOP/BOTTOM 
  GND                  VIA0D40_0D2          (25.9000 -7.3000) TOP/BOTTOM 
  GND                  VIA0D40_0D2          (25.9000 -7.3000) TOP/BOTTOM 
  GND                  VIA0D40_0D2          (25.9000 -7.3000) TOP/BOTTOM 
  GND                  VIA0D40_0D2          (25.9000 -7.3000) TOP/BOTTOM 
  GND                  VIA0D40_0D2          (25.9000 -7.3000) TOP/BOTTOM 
  GND                  VIA0D40_0D2          (25.9000 -7.3000) TOP/BOTTOM 
  GND                  VIA0D40_0D2          (25.9000 -7.3000) TOP/BOTTOM 
  GND                  VIA0D40_0D2          (25.9000 -7.3000) TOP/BOTTOM 
  GND                  VIA0D40_0D2          (25.9000 -7.3000) TOP/BOTTOM 
  GND                  VIA0D40_0D2          (25.9000 -7.3000) TOP/BOTTOM 
  GND                  VIA0D40_0D2          (25.9000 -7.3000) TOP/BOTTOM 
  GND                  VIA0D40_0D2          (25.9000 -7.3000) TOP/BOTTOM 
  GND                  VIA0D40_0D2          (25.9000 -7.3000) TOP/BOTTOM 
  GND                  VIA0D40_0D2          (25.9000 -7.3000) TOP/BOTTOM 
  GND                  VIA0D40_0D2          (25.9000 -7.3000) TOP/BOTTOM 
  GND                  VIA0D40_0D2          (25.9000 -7.3000) TOP/BOTTOM 
  GND                  VIA0D40_0D2          (25.9000 -7.3000) TOP/BOTTOM 
  GND                  VIA0D40_0D2          (25.9000 -7.3000) TOP/BOTTOM 
  GND                  VIA0D40_0D2          (25.9000 -7.3000) TOP/BOTTOM 
  GND                  VIA0D40_0D2          (25.9000 -7.3000) TOP/BOTTOM 
  GND                  VIA0D40_0D2          (25.9000 -7.3000) TOP/BOTTOM 
  GND                  VIA0D40_0D2          (25.9000 -7.3000) TOP/BOTTOM 
  GND                  VIA0D40_0D2          (25.9000 -7.3000) TOP/BOTTOM 
  GND                  VIA0D40_0D2          (25.9000 -7.3000) TOP/BOTTOM 
  GND                  VIA0D40_0D2          (25.9000 -7.3000) TOP/BOTTOM 
  GND                  VIA0D40_0D2          (25.9000 -7.3000) TOP/BOTTOM 
  GND                  VIA0D40_0D2          (25.9000 -7.3000) TOP/BOTTOM 
  GND                  VIA0D40_0D2          (25.9000 -7.3000) TOP/BOTTOM 
  GND                  VIA0D40_0D2          (25.9000 -7.3000) TOP/BOTTOM 
  GND                  VIA0D40_0D2          (25.9000 -7.3000) TOP/BOTTOM 
  GND                  VIA0D40_0D2          (25.9000 -7.3000) TOP/BOTTOM 
  GND                  VIA0D40_0D2          (25.9000 -7.3000) TOP/BOTTOM 
  GND                  VIA0D40_0D2          (25.9000 -7.3000) TOP/BOTTOM 
  GND                  VIA0D40_0D2          (25.9000 -7.3000) TOP/BOTTOM 
  GND                  VIA0D40_0D2          (25.9000 -7.3000) TOP/BOTTOM 
  GND                  VIA0D40_0D2          (25.9000 -7.3000) TOP/BOTTOM 
  GND                  VIA0D40_0D2          (25.9000 -7.3000) TOP/BOTTOM 
  GND                  VIA0D40_0D2          (25.9000 -7.3000) TOP/BOTTOM 
  GND                  VIA0D40_0D2          (25.9000 -7.3000) TOP/BOTTOM 
  GND                  VIA0D40_0D2          (25.9000 -7.3000) TOP/BOTTOM 
  GND                  VIA0D40_0D2          (25.9000 -7.3000) TOP/BOTTOM 
  GND                  VIA0D40_0D2          (25.9000 -7.3000) TOP/BOTTOM 
  GND                  VIA0D40_0D2          (25.9000 -7.3000) TOP/BOTTOM 
  GND                  VIA0D40_0D2          (25.9000 -7.3000) TOP/BOTTOM 
  GND                  VIA0D40_0D2          (25.9000 -7.3000) TOP/BOTTOM 
  GND                  VIA0D40_0D2          (25.9000 -7.3000) TOP/BOTTOM 
  GND                  VIA0D40_0D2          (25.9000 -7.3000) TOP/BOTTOM 
  GND                  VIA0D40_0D2          (25.9000 -7.3000) TOP/BOTTOM 
  GND                  VIA0D40_0D2          (25.9000 -7.3000) TOP/BOTTOM 
  GND                  VIA0D40_0D2          (25.9000 -7.3000) TOP/BOTTOM 
  GND                  VIA0D40_0D2          (25.9000 -7.3000) TOP/BOTTOM 
  GND                  VIA0D40_0D2          (25.9000 -7.3000) TOP/BOTTOM 
  GND                  VIA0D40_0D2          (25.9000 -7.3000) TOP/BOTTOM 
  GND                  VIA0D40_0D2          (25.9000 -7.3000) TOP/BOTTOM 
  GND                  VIA0D40_0D2          (25.9000 -7.3000) TOP/BOTTOM 
  GND                  VIA0D40_0D2          (25.9000 -7.3000) TOP/BOTTOM 
  GND                  VIA0D40_0D2          (25.9000 -7.3000) TOP/BOTTOM 
  GND                  VIA0D40_0D2          (25.9000 -7.3000) TOP/BOTTOM 
  GND                  VIA0D40_0D2          (25.9000 -7.3000) TOP/BOTTOM 
  GND                  VIA0D40_0D2          (25.9000 -7.3000) TOP/BOTTOM 
  GND                  VIA0D40_0D2          (25.9000 -7.3000) TOP/BOTTOM 
  GND                  VIA0D40_0D2          (25.9000 -7.3000) TOP/BOTTOM 
  GND                  VIA0D40_0D2          (25.9000 -7.3000) TOP/BOTTOM 
  GND                  VIA0D40_0D2          (25.9000 -7.3000) TOP/BOTTOM 
  GND                  VIA0D40_0D2          (25.9000 -7.3000) TOP/BOTTOM 
  GND                  VIA0D40_0D2          (25.9000 -7.3000) TOP/BOTTOM 
  GND                  VIA0D40_0D2          (25.9000 -7.3000) TOP/BOTTOM 
  GND                  VIA0D40_0D2          (25.9000 -7.3000) TOP/BOTTOM 
  GND                  VIA0D40_0D2          (25.9000 -7.3000) TOP/BOTTOM 
  GND                  VIA0D40_0D2          (25.9000 -7.3000) TOP/BOTTOM 
  GND                  VIA0D40_0D2          (25.9000 -7.3000) TOP/BOTTOM 
  GND                  VIA0D40_0D2          (25.9000 -7.3000) TOP/BOTTOM 
  GND                  VIA0D40_0D2          (25.9000 -7.3000) TOP/BOTTOM 
  GND                  VIA0D40_0D2          (25.9000 -7.3000) TOP/BOTTOM 
  GND                  VIA0D40_0D2          (25.9000 -7.3000) TOP/BOTTOM 
  GND                  VIA0D40_0D2          (25.9000 -7.3000) TOP/BOTTOM 
  GND                  VIA0D40_0D2          (25.9000 -7.3000) TOP/BOTTOM 
  GND                  VIA0D40_0D2          (25.9000 -7.3000) TOP/BOTTOM 
  GND                  VIA0D40_0D2          (25.9000 -7.3000) TOP/BOTTOM 
  GND                  VIA0D40_0D2          (25.9000 -7.3000) TOP/BOTTOM 
  GND                  VIA0D40_0D2          (25.9000 -7.3000) TOP/BOTTOM 
  GND                  VIA0D40_0D2          (25.9000 -7.3000) TOP/BOTTOM 
  GND                  VIA0D40_0D2          (25.9000 -7.3000) TOP/BOTTOM 
  GND                  VIA0D40_0D2          (25.9000 -7.3000) TOP/BOTTOM 
  GND                  VIA0D40_0D2          (25.9000 -7.3000) TOP/BOTTOM 
  GND                  VIA0D40_0D2          (25.9000 -7.3000) TOP/BOTTOM 
  GND                  VIA0D40_0D2          (25.9000 -7.3000) TOP/BOTTOM 
  GND                  VIA0D40_0D2          (25.9000 -7.3000) TOP/BOTTOM 
  GND                  VIA0D40_0D2          (25.9000 -7.3000) TOP/BOTTOM 
  GND                  VIA0D40_0D2          (25.9000 -7.3000) TOP/BOTTOM 
  GND                  VIA0D40_0D2          (25.9000 -7.3000) TOP/BOTTOM 
  GND                  VIA0D40_0D2          (25.9000 -7.3000) TOP/BOTTOM 
  GND                  VIA0D40_0D2          (25.9000 -7.3000) TOP/BOTTOM 
  GND                  VIA0D40_0D2          (25.9000 -7.3000) TOP/BOTTOM 
  GND                  VIA0D40_0D2          (25.9000 -7.3000) TOP/BOTTOM 
  GND                  VIA0D40_0D2          (25.9000 -7.3000) TOP/BOTTOM 
  GND                  VIA0D40_0D2          (25.9000 -7.3000) TOP/BOTTOM 
  GND                  VIA0D40_0D2          (25.9000 -7.3000) TOP/BOTTOM 
  GND                  VIA0D40_0D2          (25.9000 -7.3000) TOP/BOTTOM 
  GND                  VIA0D40_0D2          (25.9000 -7.3000) TOP/BOTTOM 
  GND                  VIA0D40_0D2          (25.9000 -7.3000) TOP/BOTTOM 
  GND                  VIA0D40_0D2          (25.9000 -7.3000) TOP/BOTTOM 
  GND                  VIA0D40_0D2          (25.9000 -7.3000) TOP/BOTTOM 
  GND                  VIA0D40_0D2          (25.9000 -7.3000) TOP/BOTTOM 
  GND                  VIA0D40_0D2          (25.9000 -7.3000) TOP/BOTTOM 
  GND                  VIA0D40_0D2          (25.9000 -7.3000) TOP/BOTTOM 
  GND                  VIA0D40_0D2          (25.9000 -7.3000) TOP/BOTTOM 
  GND                  VIA0D40_0D2          (25.9000 -7.3000) TOP/BOTTOM 
  GND                  VIA0D40_0D2          (25.9000 -7.3000) TOP/BOTTOM 
  GND                  VIA0D40_0D2          (25.9000 -7.3000) TOP/BOTTOM 
  GND                  VIA0D40_0D2          (25.9000 -7.3000) TOP/BOTTOM 
  GND                  VIA0D40_0D2          (25.9000 -7.3000) TOP/BOTTOM 
  GND                  VIA0D40_0D2          (25.9000 -7.3000) TOP/BOTTOM 
  GND                  VIA0D40_0D2          (25.9000 -7.3000) TOP/BOTTOM 
  GND                  VIA0D40_0D2          (25.9000 -7.3000) TOP/BOTTOM 
  GND                  VIA0D40_0D2          (25.9000 -7.3000) TOP/BOTTOM 
  GND                  VIA0D40_0D2          (25.9000 -7.3000) TOP/BOTTOM 
  GND                  VIA0D40_0D2          (25.9000 -7.3000) TOP/BOTTOM 
  GND                  VIA0D40_0D2          (25.9000 -7.3000) TOP/BOTTOM 
  GND                  VIA0D40_0D2          (25.9000 -7.3000) TOP/BOTTOM 
  GND                  VIA0D40_0D2          (25.9000 -7.3000) TOP/BOTTOM 
  GND                  VIA0D40_0D2          (25.9000 -7.3000) TOP/BOTTOM 
  GND                  VIA0D40_0D2          (25.9000 -7.3000) TOP/BOTTOM 
  GND                  VIA0D40_0D2          (25.9000 -7.3000) TOP/BOTTOM 
  GND                  VIA0D40_0D2          (25.9000 -7.3000) TOP/BOTTOM 
  GND                  VIA0D40_0D2          (25.9000 -7.3000) TOP/BOTTOM 
  GND                  VIA0D40_0D2          (25.9000 -7.3000) TOP/BOTTOM 
  GND                  VIA0D40_0D2          (25.9000 -7.3000) TOP/BOTTOM 
  GND                  VIA0D40_0D2          (25.9000 -7.3000) TOP/BOTTOM 
  GND                  VIA0D40_0D2          (25.9000 -7.3000) TOP/BOTTOM 
  GND                  VIA0D40_0D2          (25.9000 -7.3000) TOP/BOTTOM 
  GND                  VIA0D40_0D2          (25.9000 -7.3000) TOP/BOTTOM 
  GND                  VIA0D40_0D2          (25.9000 -7.3000) TOP/BOTTOM 
  GND                  VIA0D40_0D2          (25.9000 -7.3000) TOP/BOTTOM 
  GND                  VIA0D40_0D2          (25.9000 -7.3000) TOP/BOTTOM 
  GND                  VIA0D40_0D2          (25.9000 -7.3000) TOP/BOTTOM 
  GND                  VIA0D40_0D2          (25.9000 -7.3000) TOP/BOTTOM 
  GND                  VIA0D40_0D2          (25.9000 -7.3000) TOP/BOTTOM 
  GND                  VIA0D40_0D2          (25.9000 -7.3000) TOP/BOTTOM 
  GND                  VIA0D40_0D2          (25.9000 -7.3000) TOP/BOTTOM 
  GND                  VIA0D40_0D2          (25.9000 -7.3000) TOP/BOTTOM 
  GND                  VIA0D40_0D2          (25.9000 -7.3000) TOP/BOTTOM 
  GND                  VIA0D40_0D2          (25.9000 -7.3000) TOP/BOTTOM 
  GND                  VIA0D40_0D2          (25.9000 -7.3000) TOP/BOTTOM 
  GND                  VIA0D40_0D2          (25.9000 -7.3000) TOP/BOTTOM 
  GND                  VIA0D40_0D2          (25.9000 -7.3000) TOP/BOTTOM 
  GND                  VIA0D40_0D2          (25.9000 -7.3000) TOP/BOTTOM 
  GND                  VIA0D40_0D2          (25.9000 -7.3000) TOP/BOTTOM 
  GND                  VIA0D40_0D2          (25.9000 -7.3000) TOP/BOTTOM 
  GND                  VIA0D40_0D2          (25.9000 -7.3000) TOP/BOTTOM 
  GND                  VIA0D40_0D2          (25.9000 -7.3000) TOP/BOTTOM 
  GND                  VIA0D40_0D2          (25.9000 -7.3000) TOP/BOTTOM 
  GND                  VIA0D40_0D2          (25.9000 -7.3000) TOP/BOTTOM 
  GND                  VIA0D40_0D2          (25.9000 -7.3000) TOP/BOTTOM 
  GND                  VIA0D40_0D2          (25.9000 -7.3000) TOP/BOTTOM 
  GND                  VIA0D40_0D2          (25.9000 -7.3000) TOP/BOTTOM 
  GND                  VIA0D40_0D2          (25.9000 -7.3000) TOP/BOTTOM 
  GND                  VIA0D40_0D2          (25.9000 -7.3000) TOP/BOTTOM 
  GND                  VIA0D40_0D2          (25.9000 -7.3000) TOP/BOTTOM 
  GND                  VIA0D40_0D2          (25.9000 -7.3000) TOP/BOTTOM 
  GND                  VIA0D40_0D2          (25.9000 -7.3000) TOP/BOTTOM 
  GND                  VIA0D40_0D2          (25.9000 -7.3000) TOP/BOTTOM 
  GND                  VIA0D40_0D2          (25.9000 -7.3000) TOP/BOTTOM 
  GND                  VIA0D40_0D2          (25.9000 -7.3000) TOP/BOTTOM 
  GND                  VIA0D40_0D2          (25.9000 -7.3000) TOP/BOTTOM 
  GND                  VIA0D40_0D2          (25.9000 -7.3000) TOP/BOTTOM 
  GND                  VIA0D40_0D2          (25.9000 -7.3000) TOP/BOTTOM 
  GND                  VIA0D40_0D2          (25.9000 -7.3000) TOP/BOTTOM 
  GND                  VIA0D40_0D2          (25.9000 -7.3000) TOP/BOTTOM 
  GND                  VIA0D40_0D2          (25.9000 -7.3000) TOP/BOTTOM 
  GND                  VIA0D40_0D2          (25.9000 -7.3000) TOP/BOTTOM 
  GND                  VIA0D40_0D2          (25.9000 -7.3000) TOP/BOTTOM 
  GND                  VIA0D40_0D2          (25.9000 -7.3000) TOP/BOTTOM 
  GND                  VIA0D40_0D2          (25.9000 -7.3000) TOP/BOTTOM 
  GND                  VIA0D40_0D2          (25.9000 -7.3000) TOP/BOTTOM 
  GND                  VIA0D40_0D2          (25.9000 -7.3000) TOP/BOTTOM 
  GND                  VIA0D40_0D2          (25.9000 -7.3000) TOP/BOTTOM 
  GND                  VIA0D40_0D2          (25.9000 -7.3000) TOP/BOTTOM 
  GND                  VIA0D40_0D2          (25.9000 -7.3000) TOP/BOTTOM 
  GND                  VIA0D40_0D2          (25.9000 -7.3000) TOP/BOTTOM 
  GND                  VIA0D40_0D2          (25.9000 -7.3000) TOP/BOTTOM 
  GND                  VIA0D40_0D2          (25.9000 -7.3000) TOP/BOTTOM 
  GND                  VIA0D40_0D2          (25.9000 -7.3000) TOP/BOTTOM 
  GND                  VIA0D40_0D2          (25.9000 -7.3000) TOP/BOTTOM 
  GND                  VIA0D40_0D2          (25.9000 -7.3000) TOP/BOTTOM 
  GND                  VIA0D40_0D2          (25.9000 -7.3000) TOP/BOTTOM 
  GND                  VIA0D40_0D2          (25.9000 -7.3000) TOP/BOTTOM 
  GND                  VIA0D40_0D2          (25.9000 -7.3000) TOP/BOTTOM 
  GND                  VIA0D40_0D2          (25.9000 -7.3000) TOP/BOTTOM 
  GND                  VIA0D40_0D2          (25.9000 -7.3000) TOP/BOTTOM 
  GND                  VIA0D40_0D2          (25.9000 -7.3000) TOP/BOTTOM 
  GND                  VIA0D40_0D2          (25.9000 -7.3000) TOP/BOTTOM 
  GND                  VIA0D60_0D30         (-0.7000 14.4270) TOP/BOTTOM 
  GND                  VIA0D60_0D30         (-0.4270 15.1730) TOP/BOTTOM 
  GND                  VIA0D40_0D2          (-14.4900 8.1000) TOP/BOTTOM 
  GND                  VIA0D60_0D30         (-15.6500 19.0500) TOP/BOTTOM 
  GND                  VIA0D60_0D30         (-24.3000 19.0000) TOP/BOTTOM 
  GND                  VIA0D60_0D30         (23.6270 11.3000) TOP/BOTTOM 
  GND                  VIA0D60_0D30         (26.9000 16.7350) TOP/BOTTOM 
  GND                  VIA0D60_0D30         (26.9000 10.9270) TOP/BOTTOM 
  GND                  VIA0D40_0D2          (-5.5000 17.7100) TOP/BOTTOM 
  GND                  VIA0D40_0D2          (7.4000 -17.3500) TOP/BOTTOM 
  GND                  VIA0D40_0D2          (2.7000 -17.3500) TOP/BOTTOM 
  GND                  VIA0D60_0D30         (-18.3000 10.5000) TOP/BOTTOM 
  GND                  VIA0D40_0D2          (-14.5000 13.6000) TOP/BOTTOM 
  GND                  VIA0D40_0D2          (-17.5700 14.2000) TOP/BOTTOM 
  GND                  VIA0D40_0D2          (-18.3710 15.5690) TOP/BOTTOM 
  GND                  VIA0D40_0D2          (-17.9090 16.7930) TOP/BOTTOM 
  GND                  VIA0D40_0D2          (-18.1510 16.1780) TOP/BOTTOM 
  GND                  VIA0D40_0D2          (-17.3790 16.2000) TOP/BOTTOM 
  GND                  VIA0D40_0D2          (-11.9000 -8.2000) TOP/BOTTOM 
  GND                  VIA0D40_0D2          (-11.9000 3.3000) TOP/BOTTOM 
  GND                  VIA0D40_0D2          (-11.9000 -1.7000) TOP/BOTTOM 
  GND                  VIA0D60_0D30         (-26.4000 17.3000) TOP/BOTTOM 
  GND                  VIA0D40_0D2          (-6.1000 27.5000) TOP/BOTTOM 
  GND                  VIA0D40_0D2          (-7.1000 27.5000) TOP/BOTTOM 
  GND                  VIA0D40_0D2          (-5.2000 30.0000) TOP/BOTTOM 
  GND                  VIA0D40_0D2          (-4.4000 30.0000) TOP/BOTTOM 
  GND                  VIA0D40_0D2          (-3.6000 30.0000) TOP/BOTTOM 
  GND                  VIA0D40_0D2          (3.2900 -5.9900) TOP/BOTTOM 
  GND                  VIA0D3_0D15          (-0.9250 -2.3750) TOP/BOTTOM 
  GND                  VIA0D40_0D2          (1.7000 9.6000)  TOP/BOTTOM 
  GND                  VIA0D40_0D2          (2.8000 26.3000) TOP/BOTTOM 
  GND                  VIA0D40_0D2          (-1.5000 27.5000) TOP/BOTTOM 
  GND                  VIA0D40_0D2          (-0.4000 27.5000) TOP/BOTTOM 
  GND                  VIA0D40_0D2          (-2.0000 30.0000) TOP/BOTTOM 
  GND                  VIA0D40_0D2          (-2.5000 32.5000) TOP/BOTTOM 
  GND                  VIA0D40_0D2          (-3.1000 16.5500) TOP/BOTTOM 
  GND                  VIA0D40_0D2          (-8.3490 19.2140) TOP/BOTTOM 
  GND                  VIA0D40_0D2          (-8.7660 16.9220) TOP/BOTTOM 
  GND                  VIA0D40_0D2          (-8.7350 18.6420) TOP/BOTTOM 
  GND                  VIA0D40_0D2          (-20.6300 -2.3000) TOP/BOTTOM 
  GND                  VIA0D40_0D2          (-22.5800 -2.3000) TOP/BOTTOM 
  GND                  VIA0D60_0D30         (18.9170 15.1440) TOP/BOTTOM 
  GND                  VIA0D40_0D2          (23.3000 -7.8000) TOP/BOTTOM 
  GND                  VIA0D40_0D2          (25.1000 -7.8000) TOP/BOTTOM 
  GND                  VIA0D40_0D2          (24.2000 -8.7000) TOP/BOTTOM 
  GND                  VIA0D40_0D2          (24.2000 -6.9000) TOP/BOTTOM 
  GND                  VIA0D40_0D2          (23.3000 -8.7000) TOP/BOTTOM 
  GND                  VIA0D40_0D2          (25.1000 -8.7000) TOP/BOTTOM 
  GND                  VIA0D40_0D2          (23.3000 -6.9000) TOP/BOTTOM 
  GND                  VIA0D40_0D2          (25.1000 -6.9000) TOP/BOTTOM 
  GND                  VIA0D40_0D2          (24.2000 -7.8000) TOP/BOTTOM 
  GND                  VIA0D40_0D2          (25.9000 -7.3000) TOP/BOTTOM 
  GND                  VIA0D40_0D2          (26.2000 -7.8000) TOP/BOTTOM 
  GND                  VIA0D40_0D2          (-21.9300 0.3000) TOP/BOTTOM 
  GND                  VIA0D40_0D2          (-22.1000 -1.5000) TOP/BOTTOM 
  GND                  VIA0D40_0D2          (-21.1000 -1.5000) TOP/BOTTOM 
  GND                  VIA0D40_0D2          (-22.1000 -0.5000) TOP/BOTTOM 
  GND                  VIA0D40_0D2          (-21.1000 -0.5000) TOP/BOTTOM 
  GND                  VIA0D40_0D2          (-21.6000 -1.0000) TOP/BOTTOM 
  GND                  VIA0D40_0D2          (-4.2997 20.7500) TOP/BOTTOM 
  GND                  VIA0D40_0D2          (2.4000 19.2000) TOP/BOTTOM 
  GND                  VIA0D40_0D2          (3.3000 19.2000) TOP/BOTTOM 
  GND                  VIA0D40_0D2          (5.1500 17.0270) TOP/BOTTOM 
  GND                  VIA0D40_0D2          (1.5100 17.0000) TOP/BOTTOM 
  GND                  VIA0D60_0D30         (22.3000 -0.9920) TOP/BOTTOM 
  GND                  VIA0D60_0D30         (22.3000 6.0780) TOP/BOTTOM 
  GND                  VIA0D40_0D2          (25.2970 1.9250) TOP/BOTTOM 
  GND                  VIA0D40_0D2          (25.2960 3.3100) TOP/BOTTOM 
  GND                  VIA0D40_0D2          (25.3050 2.5970) TOP/BOTTOM 
  GND                  VIA0D40_0D2          (20.8500 -0.6570) TOP/BOTTOM 
  GND                  VIA0D40_0D2          (20.9500 5.7390) TOP/BOTTOM 
  GND                  VIA0D60_0D30         (30.8770 1.8000) TOP/BOTTOM 
  GND                  VIA0D60_0D30         (30.8850 3.2000) TOP/BOTTOM 
  GND                  VIA0D40_0D2          (-8.6110 24.9300) TOP/BOTTOM 
  GND                  VIA0D40_0D2          (-3.2120 23.6510) TOP/BOTTOM 
  GND                  VIA0D40_0D2          (-12.5000 25.9500) TOP/BOTTOM 
  GND                  VIA0D40_0D2          (2.0420 21.3000) TOP/BOTTOM 
  GND                  VIA0D40_0D2          (1.6500 -11.9500) TOP/BOTTOM 
  GND                  VIA0D40_0D2          (9.5730 3.3000)  TOP/BOTTOM 
  GND                  VIA0D40_0D2          (16.9030 -7.8500) TOP/BOTTOM 
  GND                  VIA0D40_0D2          (16.6730 -6.7000) TOP/BOTTOM 
  GND                  VIA0D40_0D2          (-20.5500 -17.0000) TOP/BOTTOM 
  GND                  VIA0D40_0D2          (-23.5500 -11.0000) TOP/BOTTOM 
  GND                  VIA0D40_0D2          (-21.7500 -17.0000) TOP/BOTTOM 
  GND                  VIA0D40_0D2          (-13.2500 -21.1280) TOP/BOTTOM 
  GND                  VIA0D40_0D2          (-8.3040 -21.5500) TOP/BOTTOM 
  GND                  VIA0D40_0D2          (1.5000 6.5270)  TOP/BOTTOM 
  GND                  VIA0D40_0D2          (-2.2270 -6.2500) TOP/BOTTOM 
  GND                  VIA0D40_0D2          (-19.7300 -4.6380) TOP/BOTTOM 
  GND                  VIA0D40_0D2          (-23.6500 -4.5210) TOP/BOTTOM 
  GND                  VIA0D40_0D2          (1.4000 -14.3035) TOP/BOTTOM 
  GND                  VIA0D40_0D2          (8.8500 14.9310) TOP/BOTTOM 
  GND                  VIA0D40_0D2          (2.8550 14.1900) TOP/BOTTOM 
  GND                  VIA0D40_0D2          (-14.4900 3.0000) TOP/BOTTOM 
  GND                  VIA0D40_0D2          (-14.4900 -0.4000) TOP/BOTTOM 
  GND                  VIA0D40_0D2          (-15.3000 -7.7500) TOP/BOTTOM 
  GND                  VIA0D40_0D2          (14.0900 2.2730) TOP/BOTTOM 
  GND                  VIA0D40_0D2          (14.8000 -2.1500) TOP/BOTTOM 
  GND                  VIA0D40_0D2          (14.0900 -9.3270) TOP/BOTTOM 
  GND                  VIA0D40_0D2          (9.1000 -6.1000) TOP/BOTTOM 
  GND                  VIA0D40_0D2          (-9.4410 -18.0660) TOP/BOTTOM 
  GND                  VIA0D40_0D2          (-8.4810 -18.0410) TOP/BOTTOM 
  GND                  VIA0D40_0D2          (-9.4310 -16.3240) TOP/BOTTOM 
  GND                  VIA0D40_0D2          (-8.4830 -16.3130) TOP/BOTTOM 
  GND                  VIA0D40_0D2          (-4.3000 12.1000) TOP/BOTTOM 
  GND                  VIA0D40_0D2          (8.2000 9.6000)  TOP/BOTTOM 
  GND                  VIA0D40_0D2          (-5.8000 -9.3000) TOP/BOTTOM 
  GND                  VIA0D40_0D2          (-6.3000 -9.5730) TOP/BOTTOM 
  GND                  VIA0D40_0D2          (-3.2500 -15.1000) TOP/BOTTOM 
  GND                  VIA0D40_0D2          (-25.8900 4.7900) TOP/BOTTOM 
  GND                  VIA0D40_0D2          (-25.5000 5.6000) TOP/BOTTOM 
  GND                  VIA0D40_0D2          (-24.0000 7.4000) TOP/BOTTOM 
  GND                  VIA0D40_0D2          (-33.1470 -7.3590) TOP/BOTTOM 
  GND                  VIA0D40_0D2          (-32.3280 -7.3660) TOP/BOTTOM 
  GND                  VIA0D40_0D2          (-33.1760 -5.6750) TOP/BOTTOM 
  GND                  VIA0D40_0D2          (-32.3220 -5.6760) TOP/BOTTOM 
  GND                  VIA0D40_0D2          (-32.2980 -4.6470) TOP/BOTTOM 
  GND                  VIA0D40_0D2          (-33.2010 -4.6450) TOP/BOTTOM 
  GND                  VIA0D40_0D2          (-33.1920 -2.9370) TOP/BOTTOM 
  GND                  VIA0D40_0D2          (-32.2990 -2.9380) TOP/BOTTOM 
  CAM1_VSYNC           VIA0D3_0D15          (-24.7000 -0.0300) TOP/BOTTOM 

<< Summary >>
  Total dangling lines:       2
  Total dangling vias:      531
  Total antenna vias:       596
