Sat Oct 22 12:19:27 2022				Page     1


 
Update Symbols/Modules Logfile
	Sat Oct 22 12:19:27 2022

------ Module Refresh Messages ------

SUMMARY:    Updated 0 out of 0 modules

------ End Module Messages     ------



(---------------------------------------------------------------------)
(                                                                     )
(    Refresh Symbol                                                   )
(                                                                     )
(    Drawing          : PoFA1-10.brd                                  )
(    Software Version : 17.4S017                                      )
(    Date/Time        : Sat Oct 22 12:19:27 2022                      )
(                                                                     )
(---------------------------------------------------------------------)


Sat Oct 22 12:19:27 2022				Page     1


------ Symbol Refresh Directives ------

Input design  = 'D:/Work/GitHub/PowerOverFiber/PCB/PoFA1-10.brd'
Output design = ''

Update mechanical symbols              = 'NO'
Update format symbols                  = 'NO'
Update package symbols                 = 'NO'
Update shape/flash symbols             = 'NO'
Update symbol padstacks                = 'NO'
Preserve padstacks replaced on pins    = 'NO'
Reset symbol text and size locations   = 'NO'
Reset Pin Escapes (fanouts)            = 'NO'
Ripup Etch                             = 'NO'
Reset custom drill data                = 'NO'
Symbol list file                       = 'C:/Users/ADMINI~1/AppData/Local/Temp/#Taaabfq06136.tmp'


------ Library Paths ------
PSMPATH =  . 
           symbols 
           .. 
           ../symbols 
           C:/Cadence/Cadence_SPB_17.4-2019/share/local/pcb/symbols 
           C:/Cadence/Cadence_SPB_17.4-2019/share/pcb/pcb_lib/symbols 
           C:/Cadence/Cadence_SPB_17.4-2019/share/pcb/allegrolib/symbols 
           D:/Privacy/FootprintLib/psm 
           D:/Privacy/FootprintLib/mechanical 
           D:/Privacy/FootprintLib/pad 

PADPATH =  . 
           symbols 
           .. 
           ../symbols 
           C:/Cadence/Cadence_SPB_17.4-2019/share/local/pcb/padstacks 
           C:/Cadence/Cadence_SPB_17.4-2019/share/pcb/pcb_lib/symbols 
           C:/Cadence/Cadence_SPB_17.4-2019/share/pcb/allegrolib/symbols 
           D:/Privacy/FootprintLib/pad 
           D:/Privacy/FootprintLib/via 
           D:/Privacy/FootprintLib/mechanical 


------ Symbol Refresh Messages ------

'TQFN-36'  symbol refreshed successfully.


----- Symbol Update Summary ----

Updated symbols: 1 out 1
    Design updated.

